This file contains any messages produced by compilers while
running configure, to aid debugging if configure makes a mistake.

It was created by SZIP configure 2.0, which was
generated by GNU Autoconf 2.57.  Invocation command line was

  $ ./configure --prefix=/home/user/mmoelle1/testapp

## --------- ##
## Platform. ##
## --------- ##

hostname = sarimner
uname -m = i686
uname -r = 2.6.8-24.20-default
uname -s = Linux
uname -v = #1 Thu Feb 2 20:46:50 UTC 2006

/usr/bin/uname -p = unknown
/bin/uname -X     = unknown

/bin/arch              = i686
/usr/bin/arch -k       = unknown
/usr/convex/getsysinfo = unknown
hostinfo               = unknown
/bin/machine           = unknown
/usr/bin/oslevel       = unknown
/bin/universe          = unknown

PATH: /home/user/mmoelle1/work/codes/hdf5/bin
PATH: /usr/local/express/bin/s8
PATH: /home/user/mmoelle1/nobackup/applications/bin
PATH: /home/user/mmoelle1/nobackup/applications/plusfort
PATH: /home/user/mmoelle1/nobackup/applications/f-prot
PATH: /usr/local/gdb-6.4/bin
PATH: /usr/local/gcc-3.4.5/bin
PATH: /usr/local/acroread7/bin
PATH: /usr/local/bin
PATH: /usr/local/kde/bin
PATH: /usr/local/qt/bin
PATH: /usr/X11/bin
PATH: /opt/gnome/bin
PATH: /usr/bin
PATH: /usr/X11R6/bin
PATH: /bin
PATH: /usr/games
PATH: /usr/local/apache-ant-1.6.1/bin
PATH: /usr/local/comsol-3.2/bin
PATH: /usr/local/ddt-1.9.2/bin
PATH: /usr/local/grid3d-3.0.13
PATH: /usr/local/eclipse-2.1.2
PATH: /usr/local/femlab31/bin
PATH: /usr/local/firefox-1.5.0.4
PATH: /usr/local/gmv-3.8
PATH: /usr/local/g95-2006-05-08/bin
PATH: /usr/local/icc-9.1.038/bin
PATH: /usr/local/ifc-9.1.032/bin
PATH: /usr/local/idb-9.1.038/bin
PATH: /usr/local/jdk1.5.0_06/bin
PATH: /usr/local/lam-7.1.1/bin
PATH: /usr/local/maple9.5/bin
PATH: /usr/local/matlab-r14.1/bin
PATH: /usr/local/mozilla-1.7.6
PATH: /usr/local/octave-2.1.57/bin
PATH: /usr/local/open-office-2.0.0
PATH: /usr/local/opera-9.00/bin
PATH: /usr/local/realplayer-8
PATH: /usr/local/teTeX-3.0.0/bin
PATH: /usr/local/thunderbird-1.5.0.4
PATH: .


## ----------- ##
## Core tests. ##
## ----------- ##

configure:1526: checking for a BSD-compatible install
configure:1580: result: /usr/local/bin/install -c
configure:1591: checking whether build environment is sane
configure:1634: result: yes
configure:1667: checking for gawk
configure:1683: found /usr/local/bin/gawk
configure:1693: result: gawk
configure:1703: checking whether make sets $(MAKE)
configure:1723: result: yes
configure:1887: checking whether to enable maintainer-specific portions of Makefiles
configure:1896: result: no
configure:1918: checking build system type
configure:1936: result: i686-pc-linux-gnu
configure:1944: checking host system type
configure:1958: result: i686-pc-linux-gnu
configure:2008: checking for config i686-pc-linux-gnu
configure:2016: result: no
configure:2008: checking for config i686-pc-linux-gnu
configure:2016: result: no
configure:2008: checking for config pc-linux-gnu
configure:2016: result: no
configure:2008: checking for config pc-linux-gnu
configure:2016: result: no
configure:2008: checking for config i686-linux-gnu
configure:2016: result: no
configure:2008: checking for config i686-linux-gnu
configure:2016: result: no
configure:2008: checking for config i686-pc
configure:2016: result: no
configure:2008: checking for config linux-gnu
configure:2012: result: found
configure:2071: checking for gcc
configure:2097: result: gcc
configure:2341: checking for C compiler version
configure:2344: gcc --version </dev/null >&5
gcc (GCC) 3.4.5
Copyright (C) 2004 Free Software Foundation, Inc.
This is free software; see the source for copying conditions.  There is NO
warranty; not even for MERCHANTABILITY or FITNESS FOR A PARTICULAR PURPOSE.

configure:2347: $? = 0
configure:2349: gcc -v </dev/null >&5
Reading specs from /usr/local/gcc-3.4.5/lib/gcc/i686-pc-linux-gnu/3.4.5/specs
Configured with: ../gcc-3.4.5/configure --enable-shared --prefix=/usr/local/gcc-3.4.5
Thread model: posix
gcc version 3.4.5
configure:2352: $? = 0
configure:2354: gcc -V </dev/null >&5
gcc: `-V' option must have argument
configure:2357: $? = 1
configure:2381: checking for C compiler default output
configure:2384: gcc -std=c99 -pedantic -Wall -W -Wundef -Wshadow -Wpointer-arith -Wbad-function-cast -Wcast-qual -Wcast-align -Wwrite-strings -Wconversion -Wsign-compare -Waggregate-return -Wstrict-prototypes -Wmissing-prototypes -Wmissing-declarations -Wredundant-decls -Wnested-externs -Winline -Wno-long-long -Wfloat-equal -Wmissing-format-attribute -Wpadded   conftest.c  >&5
configure:2373: warning: function declaration isn't a prototype
configure:2387: $? = 0
configure:2433: result: a.out
configure:2438: checking whether the C compiler works
configure:2444: ./a.out
configure:2447: $? = 0
configure:2464: result: yes
configure:2471: checking whether we are cross compiling
configure:2473: result: no
configure:2476: checking for suffix of executables
configure:2478: gcc -o conftest -std=c99 -pedantic -Wall -W -Wundef -Wshadow -Wpointer-arith -Wbad-function-cast -Wcast-qual -Wcast-align -Wwrite-strings -Wconversion -Wsign-compare -Waggregate-return -Wstrict-prototypes -Wmissing-prototypes -Wmissing-declarations -Wredundant-decls -Wnested-externs -Winline -Wno-long-long -Wfloat-equal -Wmissing-format-attribute -Wpadded   conftest.c  >&5
configure:2373: warning: function declaration isn't a prototype
configure:2481: $? = 0
configure:2506: result: 
configure:2512: checking for suffix of object files
configure:2534: gcc -c -std=c99 -pedantic -Wall -W -Wundef -Wshadow -Wpointer-arith -Wbad-function-cast -Wcast-qual -Wcast-align -Wwrite-strings -Wconversion -Wsign-compare -Waggregate-return -Wstrict-prototypes -Wmissing-prototypes -Wmissing-declarations -Wredundant-decls -Wnested-externs -Winline -Wno-long-long -Wfloat-equal -Wmissing-format-attribute -Wpadded  conftest.c >&5
configure:2530: warning: function declaration isn't a prototype
configure:2537: $? = 0
configure:2559: result: o
configure:2563: checking whether we are using the GNU C compiler
configure:2588: gcc -c -std=c99 -pedantic -Wall -W -Wundef -Wshadow -Wpointer-arith -Wbad-function-cast -Wcast-qual -Wcast-align -Wwrite-strings -Wconversion -Wsign-compare -Waggregate-return -Wstrict-prototypes -Wmissing-prototypes -Wmissing-declarations -Wredundant-decls -Wnested-externs -Winline -Wno-long-long -Wfloat-equal -Wmissing-format-attribute -Wpadded  conftest.c >&5
configure:2581: warning: function declaration isn't a prototype
configure:2591: $? = 0
configure:2594: test -s conftest.o
configure:2597: $? = 0
configure:2610: result: yes
configure:2616: checking whether gcc accepts -g
configure:2638: gcc -c -g  conftest.c >&5
configure:2641: $? = 0
configure:2644: test -s conftest.o
configure:2647: $? = 0
configure:2658: result: yes
configure:2675: checking for gcc option to accept ANSI C
configure:2736: gcc  -c -std=c99 -pedantic -Wall -W -Wundef -Wshadow -Wpointer-arith -Wbad-function-cast -Wcast-qual -Wcast-align -Wwrite-strings -Wconversion -Wsign-compare -Waggregate-return -Wstrict-prototypes -Wmissing-prototypes -Wmissing-declarations -Wredundant-decls -Wnested-externs -Winline -Wno-long-long -Wfloat-equal -Wmissing-format-attribute -Wpadded  conftest.c >&5
configure:2700: warning: function declaration isn't a prototype
configure:2722: warning: function declaration isn't a prototype
configure:2739: $? = 0
configure:2742: test -s conftest.o
configure:2745: $? = 0
configure:2763: result: none needed
configure:2781: gcc -c -std=c99 -pedantic -Wall -W -Wundef -Wshadow -Wpointer-arith -Wbad-function-cast -Wcast-qual -Wcast-align -Wwrite-strings -Wconversion -Wsign-compare -Waggregate-return -Wstrict-prototypes -Wmissing-prototypes -Wmissing-declarations -Wredundant-decls -Wnested-externs -Winline -Wno-long-long -Wfloat-equal -Wmissing-format-attribute -Wpadded  conftest.c >&5
conftest.c:2: error: syntax error before "me"
configure:2784: $? = 1
configure: failed program was:
| #ifndef __cplusplus
|   choke me
| #endif
configure:2904: checking for style of include used by make
configure:2932: result: GNU
configure:2960: checking dependency style of gcc
configure:3043: result: gcc3
configure:3065: checking how to run the C preprocessor
configure:3101: gcc -E  conftest.c
configure:3107: $? = 0
configure:3139: gcc -E  conftest.c
configure:3140:28: ac_nonexistent.h: No such file or directory
configure:3145: $? = 1
configure: failed program was:
| #line 3130 "configure"
| /* confdefs.h.  */
| 
| #define PACKAGE_NAME "SZIP"
| #define PACKAGE_TARNAME "szip"
| #define PACKAGE_VERSION "2.0"
| #define PACKAGE_STRING "SZIP 2.0"
| #define PACKAGE_BUGREPORT "hdfhelp@ncsa.uiuc.edu"
| #define PACKAGE "SZIP"
| #define VERSION "2.0"
| /* end confdefs.h.  */
| #include <ac_nonexistent.h>
configure:3183: result: gcc -E
configure:3208: gcc -E  conftest.c
configure:3214: $? = 0
configure:3246: gcc -E  conftest.c
configure:3247:28: ac_nonexistent.h: No such file or directory
configure:3252: $? = 1
configure: failed program was:
| #line 3237 "configure"
| /* confdefs.h.  */
| 
| #define PACKAGE_NAME "SZIP"
| #define PACKAGE_TARNAME "szip"
| #define PACKAGE_VERSION "2.0"
| #define PACKAGE_STRING "SZIP 2.0"
| #define PACKAGE_BUGREPORT "hdfhelp@ncsa.uiuc.edu"
| #define PACKAGE "SZIP"
| #define VERSION "2.0"
| /* end confdefs.h.  */
| #include <ac_nonexistent.h>
configure:3306: checking for a BSD-compatible install
configure:3360: result: /usr/local/bin/install -c
configure:3412: checking for ranlib
configure:3428: found /usr/local/bin/ranlib
configure:3439: result: ranlib
configure:3465: checking for ar
configure:3481: found /usr/local/bin/ar
configure:3491: result: ar
configure:3507: checking whether make sets $(MAKE)
configure:3527: result: yes
configure:3610: checking for a sed that does not truncate output
configure:3664: result: /usr/bin/sed
configure:3667: checking for egrep
configure:3677: result: grep -E
configure:3693: checking for ld used by gcc
configure:3760: result: /usr/local/bin/ld
configure:3769: checking if the linker (/usr/local/bin/ld) is GNU ld
configure:3784: result: yes
configure:3789: checking for /usr/local/bin/ld option to reload object files
configure:3796: result: -r
configure:3805: checking for BSD-compatible nm
configure:3847: result: /usr/local/bin/nm -B
configure:3851: checking whether ln -s works
configure:3855: result: yes
configure:3862: checking how to recognise dependent libraries
configure:4062: result: pass_all
configure:4262: checking for ANSI C header files
configure:4288: gcc -c -std=c99 -pedantic -Wall -W -Wundef -Wshadow -Wpointer-arith -Wbad-function-cast -Wcast-qual -Wcast-align -Wwrite-strings -Wconversion -Wsign-compare -Waggregate-return -Wstrict-prototypes -Wmissing-prototypes -Wmissing-declarations -Wredundant-decls -Wnested-externs -Winline -Wno-long-long -Wfloat-equal -Wmissing-format-attribute -Wpadded  conftest.c >&5
configure:4284: warning: function declaration isn't a prototype
configure:4291: $? = 0
configure:4294: test -s conftest.o
configure:4297: $? = 0
configure:4389: gcc -o conftest -std=c99 -pedantic -Wall -W -Wundef -Wshadow -Wpointer-arith -Wbad-function-cast -Wcast-qual -Wcast-align -Wwrite-strings -Wconversion -Wsign-compare -Waggregate-return -Wstrict-prototypes -Wmissing-prototypes -Wmissing-declarations -Wredundant-decls -Wnested-externs -Winline -Wno-long-long -Wfloat-equal -Wmissing-format-attribute -Wpadded   conftest.c  >&5
configure:4379: warning: function declaration isn't a prototype
configure: In function `main':
configure:4384: warning: implicit declaration of function `exit'
configure:4384: warning: nested extern declaration of `exit'
<internal>:0: warning: redundant redeclaration of 'exit'
configure:4385: warning: nested extern declaration of `exit'
<internal>:0: warning: redundant redeclaration of 'exit'
configure:4392: $? = 0
configure:4394: ./conftest
configure:4397: $? = 0
configure:4412: result: yes
configure:4436: checking for sys/types.h
configure:4453: gcc -c -std=c99 -pedantic -Wall -W -Wundef -Wshadow -Wpointer-arith -Wbad-function-cast -Wcast-qual -Wcast-align -Wwrite-strings -Wconversion -Wsign-compare -Waggregate-return -Wstrict-prototypes -Wmissing-prototypes -Wmissing-declarations -Wredundant-decls -Wnested-externs -Winline -Wno-long-long -Wfloat-equal -Wmissing-format-attribute -Wpadded  conftest.c >&5
configure:4453:5: warning: "HAVE_SYS_TYPES_H" is not defined
configure:4456:5: warning: "HAVE_SYS_STAT_H" is not defined
configure:4467:5: warning: "HAVE_STRING_H" is not defined
configure:4473:5: warning: "HAVE_STRINGS_H" is not defined
configure:4476:5: warning: "HAVE_INTTYPES_H" is not defined
configure:4479:6: warning: "HAVE_STDINT_H" is not defined
configure:4483:5: warning: "HAVE_UNISTD_H" is not defined
configure:4456: $? = 0
configure:4459: test -s conftest.o
configure:4462: $? = 0
configure:4473: result: yes
configure:4436: checking for sys/stat.h
configure:4453: gcc -c -std=c99 -pedantic -Wall -W -Wundef -Wshadow -Wpointer-arith -Wbad-function-cast -Wcast-qual -Wcast-align -Wwrite-strings -Wconversion -Wsign-compare -Waggregate-return -Wstrict-prototypes -Wmissing-prototypes -Wmissing-declarations -Wredundant-decls -Wnested-externs -Winline -Wno-long-long -Wfloat-equal -Wmissing-format-attribute -Wpadded  conftest.c >&5
configure:4457:5: warning: "HAVE_SYS_STAT_H" is not defined
configure:4468:5: warning: "HAVE_STRING_H" is not defined
configure:4474:5: warning: "HAVE_STRINGS_H" is not defined
configure:4477:5: warning: "HAVE_INTTYPES_H" is not defined
configure:4480:6: warning: "HAVE_STDINT_H" is not defined
configure:4484:5: warning: "HAVE_UNISTD_H" is not defined
configure:4456: $? = 0
configure:4459: test -s conftest.o
configure:4462: $? = 0
configure:4473: result: yes
configure:4436: checking for stdlib.h
configure:4453: gcc -c -std=c99 -pedantic -Wall -W -Wundef -Wshadow -Wpointer-arith -Wbad-function-cast -Wcast-qual -Wcast-align -Wwrite-strings -Wconversion -Wsign-compare -Waggregate-return -Wstrict-prototypes -Wmissing-prototypes -Wmissing-declarations -Wredundant-decls -Wnested-externs -Winline -Wno-long-long -Wfloat-equal -Wmissing-format-attribute -Wpadded  conftest.c >&5
configure:4469:5: warning: "HAVE_STRING_H" is not defined
configure:4475:5: warning: "HAVE_STRINGS_H" is not defined
configure:4478:5: warning: "HAVE_INTTYPES_H" is not defined
configure:4481:6: warning: "HAVE_STDINT_H" is not defined
configure:4485:5: warning: "HAVE_UNISTD_H" is not defined
configure:4456: $? = 0
configure:4459: test -s conftest.o
configure:4462: $? = 0
configure:4473: result: yes
configure:4436: checking for string.h
configure:4453: gcc -c -std=c99 -pedantic -Wall -W -Wundef -Wshadow -Wpointer-arith -Wbad-function-cast -Wcast-qual -Wcast-align -Wwrite-strings -Wconversion -Wsign-compare -Waggregate-return -Wstrict-prototypes -Wmissing-prototypes -Wmissing-declarations -Wredundant-decls -Wnested-externs -Winline -Wno-long-long -Wfloat-equal -Wmissing-format-attribute -Wpadded  conftest.c >&5
configure:4470:5: warning: "HAVE_STRING_H" is not defined
configure:4476:5: warning: "HAVE_STRINGS_H" is not defined
configure:4479:5: warning: "HAVE_INTTYPES_H" is not defined
configure:4482:6: warning: "HAVE_STDINT_H" is not defined
configure:4486:5: warning: "HAVE_UNISTD_H" is not defined
configure:4456: $? = 0
configure:4459: test -s conftest.o
configure:4462: $? = 0
configure:4473: result: yes
configure:4436: checking for memory.h
configure:4453: gcc -c -std=c99 -pedantic -Wall -W -Wundef -Wshadow -Wpointer-arith -Wbad-function-cast -Wcast-qual -Wcast-align -Wwrite-strings -Wconversion -Wsign-compare -Waggregate-return -Wstrict-prototypes -Wmissing-prototypes -Wmissing-declarations -Wredundant-decls -Wnested-externs -Winline -Wno-long-long -Wfloat-equal -Wmissing-format-attribute -Wpadded  conftest.c >&5
configure:4477:5: warning: "HAVE_STRINGS_H" is not defined
configure:4480:5: warning: "HAVE_INTTYPES_H" is not defined
configure:4483:6: warning: "HAVE_STDINT_H" is not defined
configure:4487:5: warning: "HAVE_UNISTD_H" is not defined
configure:4456: $? = 0
configure:4459: test -s conftest.o
configure:4462: $? = 0
configure:4473: result: yes
configure:4436: checking for strings.h
configure:4453: gcc -c -std=c99 -pedantic -Wall -W -Wundef -Wshadow -Wpointer-arith -Wbad-function-cast -Wcast-qual -Wcast-align -Wwrite-strings -Wconversion -Wsign-compare -Waggregate-return -Wstrict-prototypes -Wmissing-prototypes -Wmissing-declarations -Wredundant-decls -Wnested-externs -Winline -Wno-long-long -Wfloat-equal -Wmissing-format-attribute -Wpadded  conftest.c >&5
configure:4478:5: warning: "HAVE_STRINGS_H" is not defined
configure:4481:5: warning: "HAVE_INTTYPES_H" is not defined
configure:4484:6: warning: "HAVE_STDINT_H" is not defined
configure:4488:5: warning: "HAVE_UNISTD_H" is not defined
configure:4456: $? = 0
configure:4459: test -s conftest.o
configure:4462: $? = 0
configure:4473: result: yes
configure:4436: checking for inttypes.h
configure:4453: gcc -c -std=c99 -pedantic -Wall -W -Wundef -Wshadow -Wpointer-arith -Wbad-function-cast -Wcast-qual -Wcast-align -Wwrite-strings -Wconversion -Wsign-compare -Waggregate-return -Wstrict-prototypes -Wmissing-prototypes -Wmissing-declarations -Wredundant-decls -Wnested-externs -Winline -Wno-long-long -Wfloat-equal -Wmissing-format-attribute -Wpadded  conftest.c >&5
configure:4482:5: warning: "HAVE_INTTYPES_H" is not defined
configure:4485:6: warning: "HAVE_STDINT_H" is not defined
configure:4489:5: warning: "HAVE_UNISTD_H" is not defined
configure:4456: $? = 0
configure:4459: test -s conftest.o
configure:4462: $? = 0
configure:4473: result: yes
configure:4436: checking for stdint.h
configure:4453: gcc -c -std=c99 -pedantic -Wall -W -Wundef -Wshadow -Wpointer-arith -Wbad-function-cast -Wcast-qual -Wcast-align -Wwrite-strings -Wconversion -Wsign-compare -Waggregate-return -Wstrict-prototypes -Wmissing-prototypes -Wmissing-declarations -Wredundant-decls -Wnested-externs -Winline -Wno-long-long -Wfloat-equal -Wmissing-format-attribute -Wpadded  conftest.c >&5
configure:4490:5: warning: "HAVE_UNISTD_H" is not defined
configure:4456: $? = 0
configure:4459: test -s conftest.o
configure:4462: $? = 0
configure:4473: result: yes
configure:4436: checking for unistd.h
configure:4453: gcc -c -std=c99 -pedantic -Wall -W -Wundef -Wshadow -Wpointer-arith -Wbad-function-cast -Wcast-qual -Wcast-align -Wwrite-strings -Wconversion -Wsign-compare -Waggregate-return -Wstrict-prototypes -Wmissing-prototypes -Wmissing-declarations -Wredundant-decls -Wnested-externs -Winline -Wno-long-long -Wfloat-equal -Wmissing-format-attribute -Wpadded  conftest.c >&5
configure:4491:5: warning: "HAVE_UNISTD_H" is not defined
configure:4456: $? = 0
configure:4459: test -s conftest.o
configure:4462: $? = 0
configure:4473: result: yes
configure:4499: checking dlfcn.h usability
configure:4512: gcc -c -std=c99 -pedantic -Wall -W -Wundef -Wshadow -Wpointer-arith -Wbad-function-cast -Wcast-qual -Wcast-align -Wwrite-strings -Wconversion -Wsign-compare -Waggregate-return -Wstrict-prototypes -Wmissing-prototypes -Wmissing-declarations -Wredundant-decls -Wnested-externs -Winline -Wno-long-long -Wfloat-equal -Wmissing-format-attribute -Wpadded  conftest.c >&5
configure:4515: $? = 0
configure:4518: test -s conftest.o
configure:4521: $? = 0
configure:4531: result: yes
configure:4535: checking dlfcn.h presence
configure:4546: gcc -E  conftest.c
configure:4552: $? = 0
configure:4571: result: yes
configure:4607: checking for dlfcn.h
configure:4614: result: yes
configure:4679: checking for g++
configure:4695: found /usr/local/gcc-3.4.5/bin/g++
configure:4705: result: g++
configure:4721: checking for C++ compiler version
configure:4724: g++ --version </dev/null >&5
g++ (GCC) 3.4.5
Copyright (C) 2004 Free Software Foundation, Inc.
This is free software; see the source for copying conditions.  There is NO
warranty; not even for MERCHANTABILITY or FITNESS FOR A PARTICULAR PURPOSE.

configure:4727: $? = 0
configure:4729: g++ -v </dev/null >&5
Reading specs from /usr/local/gcc-3.4.5/lib/gcc/i686-pc-linux-gnu/3.4.5/specs
Configured with: ../gcc-3.4.5/configure --enable-shared --prefix=/usr/local/gcc-3.4.5
Thread model: posix
gcc version 3.4.5
configure:4732: $? = 0
configure:4734: g++ -V </dev/null >&5
g++: `-V' option must have argument
configure:4737: $? = 1
configure:4740: checking whether we are using the GNU C++ compiler
configure:4765: g++ -c   conftest.cc >&5
configure:4768: $? = 0
configure:4771: test -s conftest.o
configure:4774: $? = 0
configure:4787: result: yes
configure:4793: checking whether g++ accepts -g
configure:4815: g++ -c -g  conftest.cc >&5
configure:4818: $? = 0
configure:4821: test -s conftest.o
configure:4824: $? = 0
configure:4835: result: yes
configure:4879: g++ -c -g -O2  conftest.cc >&5
configure:4882: $? = 0
configure:4885: test -s conftest.o
configure:4888: $? = 0
configure:4915: g++ -c -g -O2  conftest.cc >&5
configure: In function `int main()':
configure:4923: error: `exit' was not declared in this scope
configure:4918: $? = 1
configure: failed program was:
| #line 4898 "configure"
| /* confdefs.h.  */
| 
| #define PACKAGE_NAME "SZIP"
| #define PACKAGE_TARNAME "szip"
| #define PACKAGE_VERSION "2.0"
| #define PACKAGE_STRING "SZIP 2.0"
| #define PACKAGE_BUGREPORT "hdfhelp@ncsa.uiuc.edu"
| #define PACKAGE "SZIP"
| #define VERSION "2.0"
| #define STDC_HEADERS 1
| #define HAVE_SYS_TYPES_H 1
| #define HAVE_SYS_STAT_H 1
| #define HAVE_STDLIB_H 1
| #define HAVE_STRING_H 1
| #define HAVE_MEMORY_H 1
| #define HAVE_STRINGS_H 1
| #define HAVE_INTTYPES_H 1
| #define HAVE_STDINT_H 1
| #define HAVE_UNISTD_H 1
| #define HAVE_DLFCN_H 1
| /* end confdefs.h.  */
| 
| int
| main ()
| {
| exit (42);
|   ;
|   return 0;
| }
configure:4879: g++ -c -g -O2  conftest.cc >&5
configure:4882: $? = 0
configure:4885: test -s conftest.o
configure:4888: $? = 0
configure:4915: g++ -c -g -O2  conftest.cc >&5
configure:4918: $? = 0
configure:4921: test -s conftest.o
configure:4924: $? = 0
configure:4949: checking dependency style of g++
configure:5032: result: gcc3
configure:5054: checking how to run the C++ preprocessor
configure:5086: g++ -E  conftest.cc
configure:5092: $? = 0
configure:5124: g++ -E  conftest.cc
configure:5139:28: ac_nonexistent.h: No such file or directory
configure:5130: $? = 1
configure: failed program was:
| #line 5115 "configure"
| /* confdefs.h.  */
| 
| #define PACKAGE_NAME "SZIP"
| #define PACKAGE_TARNAME "szip"
| #define PACKAGE_VERSION "2.0"
| #define PACKAGE_STRING "SZIP 2.0"
| #define PACKAGE_BUGREPORT "hdfhelp@ncsa.uiuc.edu"
| #define PACKAGE "SZIP"
| #define VERSION "2.0"
| #define STDC_HEADERS 1
| #define HAVE_SYS_TYPES_H 1
| #define HAVE_SYS_STAT_H 1
| #define HAVE_STDLIB_H 1
| #define HAVE_STRING_H 1
| #define HAVE_MEMORY_H 1
| #define HAVE_STRINGS_H 1
| #define HAVE_INTTYPES_H 1
| #define HAVE_STDINT_H 1
| #define HAVE_UNISTD_H 1
| #define HAVE_DLFCN_H 1
| #ifdef __cplusplus
| #include <stdlib.h>
| #endif
| /* end confdefs.h.  */
| #include <ac_nonexistent.h>
configure:5168: result: g++ -E
configure:5193: g++ -E  conftest.cc
configure:5199: $? = 0
configure:5231: g++ -E  conftest.cc
configure:5246:28: ac_nonexistent.h: No such file or directory
configure:5237: $? = 1
configure: failed program was:
| #line 5222 "configure"
| /* confdefs.h.  */
| 
| #define PACKAGE_NAME "SZIP"
| #define PACKAGE_TARNAME "szip"
| #define PACKAGE_VERSION "2.0"
| #define PACKAGE_STRING "SZIP 2.0"
| #define PACKAGE_BUGREPORT "hdfhelp@ncsa.uiuc.edu"
| #define PACKAGE "SZIP"
| #define VERSION "2.0"
| #define STDC_HEADERS 1
| #define HAVE_SYS_TYPES_H 1
| #define HAVE_SYS_STAT_H 1
| #define HAVE_STDLIB_H 1
| #define HAVE_STRING_H 1
| #define HAVE_MEMORY_H 1
| #define HAVE_STRINGS_H 1
| #define HAVE_INTTYPES_H 1
| #define HAVE_STDINT_H 1
| #define HAVE_UNISTD_H 1
| #define HAVE_DLFCN_H 1
| #ifdef __cplusplus
| #include <stdlib.h>
| #endif
| /* end confdefs.h.  */
| #include <ac_nonexistent.h>
configure:5331: checking for g77
configure:5347: found /usr/local/gcc-3.4.5/bin/g77
configure:5357: result: g77
configure:5372: checking for Fortran 77 compiler version
configure:5375: g77 --version </dev/null >&5
GNU Fortran (GCC) 3.4.5
Copyright (C) 2004 Free Software Foundation, Inc.

GNU Fortran comes with NO WARRANTY, to the extent permitted by law.
You may redistribute copies of GNU Fortran
under the terms of the GNU General Public License.
For more information about these matters, see the file named COPYING
or type the command `info -f g77 Copying'.
configure:5378: $? = 0
configure:5380: g77 -v </dev/null >&5
Reading specs from /usr/local/gcc-3.4.5/lib/gcc/i686-pc-linux-gnu/3.4.5/specs
Configured with: ../gcc-3.4.5/configure --enable-shared --prefix=/usr/local/gcc-3.4.5
Thread model: posix
gcc version 3.4.5
configure:5383: $? = 0
configure:5385: g77 -V </dev/null >&5
g77: `-V' option must have argument
configure:5388: $? = 1
configure:5395: checking whether we are using the GNU Fortran 77 compiler
configure:5409: g77 -c  conftest.F >&5
configure:5412: $? = 0
configure:5415: test -s conftest.o
configure:5418: $? = 0
configure:5431: result: yes
configure:5438: checking whether g77 accepts -g
configure:5450: g77 -c -g conftest.f >&5
configure:5453: $? = 0
configure:5456: test -s conftest.o
configure:5459: $? = 0
configure:5471: result: yes
configure:5499: checking the maximum length of command line arguments
configure:5558: result: 32768
configure:5569: checking command to parse /usr/local/bin/nm -B output from gcc object
configure:5658: gcc -c -std=c99 -pedantic -Wall -W -Wundef -Wshadow -Wpointer-arith -Wbad-function-cast -Wcast-qual -Wcast-align -Wwrite-strings -Wconversion -Wsign-compare -Waggregate-return -Wstrict-prototypes -Wmissing-prototypes -Wmissing-declarations -Wredundant-decls -Wnested-externs -Winline -Wno-long-long -Wfloat-equal -Wmissing-format-attribute -Wpadded  conftest.c >&5
conftest.c:5: warning: function declaration isn't a prototype
conftest.c:9: warning: function declaration isn't a prototype
configure:5661: $? = 0
configure:5665: /usr/local/bin/nm -B conftest.o \| sed -n -e 's/^.*[ 	]\([ABCDGIRSTW][ABCDGIRSTW]*\)[ 	][ 	]*\(\)\([_A-Za-z][_A-Za-z0-9]*\)$/\1 \2\3 \3/p' \> conftest.nm
configure:5668: $? = 0
configure:5720: gcc -o conftest -std=c99 -pedantic -Wall -W -Wundef -Wshadow -Wpointer-arith -Wbad-function-cast -Wcast-qual -Wcast-align -Wwrite-strings -Wconversion -Wsign-compare -Waggregate-return -Wstrict-prototypes -Wmissing-prototypes -Wmissing-declarations -Wredundant-decls -Wnested-externs -Winline -Wno-long-long -Wfloat-equal -Wmissing-format-attribute -Wpadded   conftest.c conftstm.o >&5
configure:5723: $? = 0
configure:5761: result: ok
configure:5765: checking for objdir
configure:5780: result: .libs
configure:5950: checking for ranlib
configure:5977: result: ranlib
configure:6030: checking for strip
configure:6046: found /usr/local/bin/strip
configure:6057: result: strip
configure:6319: checking if gcc static flag  works
conftest.c:1: warning: function declaration isn't a prototype
configure:6342: result: no
configure:6359: checking if gcc supports -fno-rtti -fno-exceptions
configure:6377: gcc -c -std=c99 -pedantic -Wall -W -Wundef -Wshadow -Wpointer-arith -Wbad-function-cast -Wcast-qual -Wcast-align -Wwrite-strings -Wconversion -Wsign-compare -Waggregate-return -Wstrict-prototypes -Wmissing-prototypes -Wmissing-declarations -Wredundant-decls -Wnested-externs -Winline -Wno-long-long -Wfloat-equal -Wmissing-format-attribute -Wpadded  -fno-rtti -fno-exceptions conftest.c >&5
cc1: warning: command line option "-fno-rtti" is valid for C++/ObjC++ but not for C
configure:6381: $? = 0
configure:6392: result: no
configure:6407: checking for gcc option to produce PIC
configure:6584: result: -fPIC
configure:6591: checking if gcc PIC flag -fPIC works
configure:6609: gcc -c -std=c99 -pedantic -Wall -W -Wundef -Wshadow -Wpointer-arith -Wbad-function-cast -Wcast-qual -Wcast-align -Wwrite-strings -Wconversion -Wsign-compare -Waggregate-return -Wstrict-prototypes -Wmissing-prototypes -Wmissing-declarations -Wredundant-decls -Wnested-externs -Winline -Wno-long-long -Wfloat-equal -Wmissing-format-attribute -Wpadded  -fPIC -DPIC conftest.c >&5
configure:6613: $? = 0
configure:6624: result: yes
configure:6648: checking if gcc supports -c -o file.o
configure:6676: gcc -c -std=c99 -pedantic -Wall -W -Wundef -Wshadow -Wpointer-arith -Wbad-function-cast -Wcast-qual -Wcast-align -Wwrite-strings -Wconversion -Wsign-compare -Waggregate-return -Wstrict-prototypes -Wmissing-prototypes -Wmissing-declarations -Wredundant-decls -Wnested-externs -Winline -Wno-long-long -Wfloat-equal -Wmissing-format-attribute -Wpadded  -o out/conftest2.o conftest.c >&5
configure:6680: $? = 0
configure:6697: result: yes
configure:6723: checking whether the gcc linker (/usr/local/bin/ld) supports shared libraries
configure:7542: result: yes
configure:7568: checking whether -lc should be explicitly linked in
configure:7573: gcc -c -std=c99 -pedantic -Wall -W -Wundef -Wshadow -Wpointer-arith -Wbad-function-cast -Wcast-qual -Wcast-align -Wwrite-strings -Wconversion -Wsign-compare -Waggregate-return -Wstrict-prototypes -Wmissing-prototypes -Wmissing-declarations -Wredundant-decls -Wnested-externs -Winline -Wno-long-long -Wfloat-equal -Wmissing-format-attribute -Wpadded  conftest.c >&5
configure:7576: $? = 0
configure:7590: gcc -shared conftest.o  -v -Wl,-soname -Wl,conftest -o conftest 2\>\&1 \| grep  -lc  \>/dev/null 2\>\&1
configure:7593: $? = 0
configure:7605: result: no
configure:7613: checking how to hardcode library paths into programs
configure:7638: result: immediate
configure:7652: checking whether stripping libraries is possible
configure:7657: result: yes
configure:7679: checking dynamic linker characteristics
configure:8214: result: GNU/Linux ld.so
configure:8312: checking for shl_load
configure:8362: gcc -o conftest -std=c99 -pedantic -Wall -W -Wundef -Wshadow -Wpointer-arith -Wbad-function-cast -Wcast-qual -Wcast-align -Wwrite-strings -Wconversion -Wsign-compare -Waggregate-return -Wstrict-prototypes -Wmissing-prototypes -Wmissing-declarations -Wredundant-decls -Wnested-externs -Winline -Wno-long-long -Wfloat-equal -Wmissing-format-attribute -Wpadded   conftest.c  >&5
configure:8357: warning: function declaration isn't a prototype
configure:8364: warning: function declaration isn't a prototype
configure:8372: warning: function declaration isn't a prototype
/tmp/ccg4TRIs.o(.text+0x22): In function `main':
: undefined reference to `shl_load'
/tmp/ccg4TRIs.o(.data+0x0): undefined reference to `shl_load'
collect2: ld returned 1 exit status
configure:8365: $? = 1
configure: failed program was:
| #line 8317 "configure"
| /* confdefs.h.  */
| 
| #define PACKAGE_NAME "SZIP"
| #define PACKAGE_TARNAME "szip"
| #define PACKAGE_VERSION "2.0"
| #define PACKAGE_STRING "SZIP 2.0"
| #define PACKAGE_BUGREPORT "hdfhelp@ncsa.uiuc.edu"
| #define PACKAGE "SZIP"
| #define VERSION "2.0"
| #define STDC_HEADERS 1
| #define HAVE_SYS_TYPES_H 1
| #define HAVE_SYS_STAT_H 1
| #define HAVE_STDLIB_H 1
| #define HAVE_STRING_H 1
| #define HAVE_MEMORY_H 1
| #define HAVE_STRINGS_H 1
| #define HAVE_INTTYPES_H 1
| #define HAVE_STDINT_H 1
| #define HAVE_UNISTD_H 1
| #define HAVE_DLFCN_H 1
| #ifdef __cplusplus
| #include <stdlib.h>
| #endif
| /* end confdefs.h.  */
| /* System header to define __stub macros and hopefully few prototypes,
|     which can conflict with char shl_load (); below.
|     Prefer <limits.h> to <assert.h> if __STDC__ is defined, since
|     <limits.h> exists even on freestanding compilers.  */
| #ifdef __STDC__
| # include <limits.h>
| #else
| # include <assert.h>
| #endif
| /* Override any gcc2 internal prototype to avoid an error.  */
| #ifdef __cplusplus
| extern "C"
| {
| #endif
| /* We use char because int might match the return type of a gcc2
|    builtin and then its argument prototype would still apply.  */
| char shl_load ();
| /* The GNU C library defines this for functions which it implements
|     to always fail with ENOSYS.  Some functions are actually named
|     something starting with __ and the normal name is an alias.  */
| #if defined (__stub_shl_load) || defined (__stub___shl_load)
| choke me
| #else
| char (*f) () = shl_load;
| #endif
| #ifdef __cplusplus
| }
| #endif
| 
| int
| main ()
| {
| return f != shl_load;
|   ;
|   return 0;
| }
configure:8382: result: no
configure:8387: checking for shl_load in -ldld
configure:8418: gcc -o conftest -std=c99 -pedantic -Wall -W -Wundef -Wshadow -Wpointer-arith -Wbad-function-cast -Wcast-qual -Wcast-align -Wwrite-strings -Wconversion -Wsign-compare -Waggregate-return -Wstrict-prototypes -Wmissing-prototypes -Wmissing-declarations -Wredundant-decls -Wnested-externs -Winline -Wno-long-long -Wfloat-equal -Wmissing-format-attribute -Wpadded   conftest.c -ldld   >&5
configure:8425: warning: function declaration isn't a prototype
configure:8428: warning: function declaration isn't a prototype
/tmp/ccqPMvDC.o(.text+0x1d): In function `main':
: undefined reference to `shl_load'
collect2: ld returned 1 exit status
configure:8421: $? = 1
configure: failed program was:
| #line 8394 "configure"
| /* confdefs.h.  */
| 
| #define PACKAGE_NAME "SZIP"
| #define PACKAGE_TARNAME "szip"
| #define PACKAGE_VERSION "2.0"
| #define PACKAGE_STRING "SZIP 2.0"
| #define PACKAGE_BUGREPORT "hdfhelp@ncsa.uiuc.edu"
| #define PACKAGE "SZIP"
| #define VERSION "2.0"
| #define STDC_HEADERS 1
| #define HAVE_SYS_TYPES_H 1
| #define HAVE_SYS_STAT_H 1
| #define HAVE_STDLIB_H 1
| #define HAVE_STRING_H 1
| #define HAVE_MEMORY_H 1
| #define HAVE_STRINGS_H 1
| #define HAVE_INTTYPES_H 1
| #define HAVE_STDINT_H 1
| #define HAVE_UNISTD_H 1
| #define HAVE_DLFCN_H 1
| #ifdef __cplusplus
| #include <stdlib.h>
| #endif
| /* end confdefs.h.  */
| 
| /* Override any gcc2 internal prototype to avoid an error.  */
| #ifdef __cplusplus
| extern "C"
| #endif
| /* We use char because int might match the return type of a gcc2
|    builtin and then its argument prototype would still apply.  */
| char shl_load ();
| int
| main ()
| {
| shl_load ();
|   ;
|   return 0;
| }
configure:8439: result: no
configure:8444: checking for dlopen
configure:8494: gcc -o conftest -std=c99 -pedantic -Wall -W -Wundef -Wshadow -Wpointer-arith -Wbad-function-cast -Wcast-qual -Wcast-align -Wwrite-strings -Wconversion -Wsign-compare -Waggregate-return -Wstrict-prototypes -Wmissing-prototypes -Wmissing-declarations -Wredundant-decls -Wnested-externs -Winline -Wno-long-long -Wfloat-equal -Wmissing-format-attribute -Wpadded   conftest.c  >&5
configure:8489: warning: function declaration isn't a prototype
configure:8496: warning: function declaration isn't a prototype
configure:8504: warning: function declaration isn't a prototype
/tmp/cciXFl7L.o(.text+0x22): In function `main':
: undefined reference to `dlopen'
/tmp/cciXFl7L.o(.data+0x0): undefined reference to `dlopen'
collect2: ld returned 1 exit status
configure:8497: $? = 1
configure: failed program was:
| #line 8449 "configure"
| /* confdefs.h.  */
| 
| #define PACKAGE_NAME "SZIP"
| #define PACKAGE_TARNAME "szip"
| #define PACKAGE_VERSION "2.0"
| #define PACKAGE_STRING "SZIP 2.0"
| #define PACKAGE_BUGREPORT "hdfhelp@ncsa.uiuc.edu"
| #define PACKAGE "SZIP"
| #define VERSION "2.0"
| #define STDC_HEADERS 1
| #define HAVE_SYS_TYPES_H 1
| #define HAVE_SYS_STAT_H 1
| #define HAVE_STDLIB_H 1
| #define HAVE_STRING_H 1
| #define HAVE_MEMORY_H 1
| #define HAVE_STRINGS_H 1
| #define HAVE_INTTYPES_H 1
| #define HAVE_STDINT_H 1
| #define HAVE_UNISTD_H 1
| #define HAVE_DLFCN_H 1
| #ifdef __cplusplus
| #include <stdlib.h>
| #endif
| /* end confdefs.h.  */
| /* System header to define __stub macros and hopefully few prototypes,
|     which can conflict with char dlopen (); below.
|     Prefer <limits.h> to <assert.h> if __STDC__ is defined, since
|     <limits.h> exists even on freestanding compilers.  */
| #ifdef __STDC__
| # include <limits.h>
| #else
| # include <assert.h>
| #endif
| /* Override any gcc2 internal prototype to avoid an error.  */
| #ifdef __cplusplus
| extern "C"
| {
| #endif
| /* We use char because int might match the return type of a gcc2
|    builtin and then its argument prototype would still apply.  */
| char dlopen ();
| /* The GNU C library defines this for functions which it implements
|     to always fail with ENOSYS.  Some functions are actually named
|     something starting with __ and the normal name is an alias.  */
| #if defined (__stub_dlopen) || defined (__stub___dlopen)
| choke me
| #else
| char (*f) () = dlopen;
| #endif
| #ifdef __cplusplus
| }
| #endif
| 
| int
| main ()
| {
| return f != dlopen;
|   ;
|   return 0;
| }
configure:8514: result: no
configure:8519: checking for dlopen in -ldl
configure:8550: gcc -o conftest -std=c99 -pedantic -Wall -W -Wundef -Wshadow -Wpointer-arith -Wbad-function-cast -Wcast-qual -Wcast-align -Wwrite-strings -Wconversion -Wsign-compare -Waggregate-return -Wstrict-prototypes -Wmissing-prototypes -Wmissing-declarations -Wredundant-decls -Wnested-externs -Winline -Wno-long-long -Wfloat-equal -Wmissing-format-attribute -Wpadded   conftest.c -ldl   >&5
configure:8557: warning: function declaration isn't a prototype
configure:8560: warning: function declaration isn't a prototype
configure:8553: $? = 0
configure:8556: test -s conftest
configure:8559: $? = 0
configure:8571: result: yes
configure:8726: checking whether a program can dlopen itself
configure:8798: gcc -o conftest -std=c99 -pedantic -Wall -W -Wundef -Wshadow -Wpointer-arith -Wbad-function-cast -Wcast-qual -Wcast-align -Wwrite-strings -Wconversion -Wsign-compare -Waggregate-return -Wstrict-prototypes -Wmissing-prototypes -Wmissing-declarations -Wredundant-decls -Wnested-externs -Winline -Wno-long-long -Wfloat-equal -Wmissing-format-attribute -Wpadded  -DHAVE_DLFCN_H  -Wl,--export-dynamic conftest.c -ldl  >&5
configure:8781: warning: function declaration isn't a prototype
configure: In function `fnord':
configure:8781: warning: unused variable `i'
configure: At top level:
configure:8783: warning: function declaration isn't a prototype
configure: In function `main':
configure:8794: warning: implicit declaration of function `exit'
configure:8794: warning: nested extern declaration of `exit'
<internal>:0: warning: redundant redeclaration of 'exit'
configure:8801: $? = 0
configure:8819: result: yes
configure:8824: checking whether a statically linked program can dlopen itself
configure:8896: gcc -o conftest -std=c99 -pedantic -Wall -W -Wundef -Wshadow -Wpointer-arith -Wbad-function-cast -Wcast-qual -Wcast-align -Wwrite-strings -Wconversion -Wsign-compare -Waggregate-return -Wstrict-prototypes -Wmissing-prototypes -Wmissing-declarations -Wredundant-decls -Wnested-externs -Winline -Wno-long-long -Wfloat-equal -Wmissing-format-attribute -Wpadded  -DHAVE_DLFCN_H  -Wl,--export-dynamic  conftest.c -ldl  >&5
configure:8879: warning: function declaration isn't a prototype
configure: In function `fnord':
configure:8879: warning: unused variable `i'
configure: At top level:
configure:8881: warning: function declaration isn't a prototype
configure: In function `main':
configure:8892: warning: implicit declaration of function `exit'
configure:8892: warning: nested extern declaration of `exit'
<internal>:0: warning: redundant redeclaration of 'exit'
configure:8899: $? = 0
configure:8917: result: yes
configure:8940: checking if libtool supports shared libraries
configure:8942: result: yes
configure:8945: checking whether to build shared libraries
configure:8994: result: yes
configure:8997: checking whether to build static libraries
configure:9001: result: yes
configure:9092: creating libtool
configure:9636: checking for ld used by g++
configure:9703: result: /usr/local/bin/ld
configure:9712: checking if the linker (/usr/local/bin/ld) is GNU ld
configure:9727: result: yes
configure:9778: checking whether the g++ linker (/usr/local/bin/ld) supports shared libraries
configure:10573: result: yes
configure:10591: g++ -c -g -O2  conftest.cc >&5
configure:10594: $? = 0
configure:10690: checking for g++ option to produce PIC
configure:10942: result: -fPIC
configure:10949: checking if g++ PIC flag -fPIC works
configure:10967: g++ -c -g -O2  -fPIC -DPIC conftest.cc >&5
configure:10971: $? = 0
configure:10982: result: yes
configure:11006: checking if g++ supports -c -o file.o
configure:11034: g++ -c -g -O2  -o out/conftest2.o conftest.cc >&5
configure:11038: $? = 0
configure:11055: result: yes
configure:11081: checking whether the g++ linker (/usr/local/bin/ld) supports shared libraries
configure:11106: result: yes
configure:11177: checking how to hardcode library paths into programs
configure:11202: result: immediate
configure:11216: checking whether stripping libraries is possible
configure:11221: result: yes
configure:11243: checking dynamic linker characteristics
configure:11778: result: GNU/Linux ld.so
configure:11876: checking for shl_load
configure:11946: result: no
configure:11951: checking for shl_load in -ldld
configure:12003: result: no
configure:12008: checking for dlopen
configure:12078: result: no
configure:12083: checking for dlopen in -ldl
configure:12135: result: yes
configure:12290: checking whether a program can dlopen itself
configure:12383: result: yes
configure:12388: checking whether a statically linked program can dlopen itself
configure:12481: result: yes
configure:12977: checking if libtool supports shared libraries
configure:12979: result: yes
configure:12982: checking whether to build shared libraries
configure:13000: result: yes
configure:13003: checking whether to build static libraries
configure:13007: result: yes
configure:13019: checking for g77 option to produce PIC
configure:13196: result: -fPIC
configure:13203: checking if g77 PIC flag -fPIC works
configure:13221: g77 -c -g -O2 -fPIC conftest.f >&5
configure:13225: $? = 0
configure:13236: result: yes
configure:13260: checking if g77 supports -c -o file.o
configure:13288: g77 -c -g -O2 -o out/conftest2.o conftest.f >&5
configure:13292: $? = 0
configure:13309: result: yes
configure:13335: checking whether the g77 linker (/usr/local/bin/ld) supports shared libraries
configure:14132: result: yes
configure:14203: checking how to hardcode library paths into programs
configure:14228: result: immediate
configure:14242: checking whether stripping libraries is possible
configure:14247: result: yes
configure:14269: checking dynamic linker characteristics
configure:14804: result: GNU/Linux ld.so
configure:18762: checking for build mode
configure:18772: result: production
configure:18805: checking for math library support
configure:18824: gcc -o conftest  -std=c99 -pedantic -Wall -W -Wundef -Wshadow -Wpointer-arith -Wbad-function-cast -Wcast-qual -Wcast-align -Wwrite-strings -Wconversion -Wsign-compare -Waggregate-return -Wstrict-prototypes -Wmissing-prototypes -Wmissing-declarations -Wredundant-decls -Wnested-externs -Winline -Wno-long-long -Wfloat-equal -Wmissing-format-attribute -Wpadded -O3 -fomit-frame-pointer    conftest.c  >&5
configure:18834: warning: function declaration isn't a prototype
configure: In function `main':
configure:18835: warning: statement with no effect
configure:18827: $? = 0
configure:18830: test -s conftest
configure:18833: $? = 0
configure:18835: result: yes
configure:18850: checking for ANSI C header files
configure:19000: result: yes
configure:19026: checking fcntl.h usability
configure:19039: gcc -c  -std=c99 -pedantic -Wall -W -Wundef -Wshadow -Wpointer-arith -Wbad-function-cast -Wcast-qual -Wcast-align -Wwrite-strings -Wconversion -Wsign-compare -Waggregate-return -Wstrict-prototypes -Wmissing-prototypes -Wmissing-declarations -Wredundant-decls -Wnested-externs -Winline -Wno-long-long -Wfloat-equal -Wmissing-format-attribute -Wpadded -O3 -fomit-frame-pointer   conftest.c >&5
configure:19042: $? = 0
configure:19045: test -s conftest.o
configure:19048: $? = 0
configure:19058: result: yes
configure:19062: checking fcntl.h presence
configure:19073: gcc -E   conftest.c
configure:19079: $? = 0
configure:19098: result: yes
configure:19134: checking for fcntl.h
configure:19141: result: yes
configure:19017: checking for stdlib.h
configure:19022: result: yes
configure:19017: checking for string.h
configure:19022: result: yes
configure:19156: checking for an ANSI C-conforming const
configure:19224: gcc -c  -std=c99 -pedantic -Wall -W -Wundef -Wshadow -Wpointer-arith -Wbad-function-cast -Wcast-qual -Wcast-align -Wwrite-strings -Wconversion -Wsign-compare -Waggregate-return -Wstrict-prototypes -Wmissing-prototypes -Wmissing-declarations -Wredundant-decls -Wnested-externs -Winline -Wno-long-long -Wfloat-equal -Wmissing-format-attribute -Wpadded -O3 -fomit-frame-pointer   conftest.c >&5
configure:19192: warning: function declaration isn't a prototype
configure: In function `main':
configure:19212: warning: cast discards qualifiers from pointer target type
configure:19216: warning: unused variable `s'
configure:19221: warning: declaration of 'x' shadows a previous local
configure:19197: warning: shadowed declaration is here
configure:19227: warning: declaration of 'p' shadows a previous local
configure:19200: warning: shadowed declaration is here
configure:19236: warning: unused variable `foo'
configure:19197: warning: unused variable `x'
configure:19203: warning: unused variable `zero'
configure:19233: warning: 'b' might be used uninitialized in this function
configure:19215: warning: 't' might be used uninitialized in this function
configure:19227: $? = 0
configure:19230: test -s conftest.o
configure:19233: $? = 0
configure:19244: result: yes
configure:19254: checking for size_t
configure:19279: gcc -c  -std=c99 -pedantic -Wall -W -Wundef -Wshadow -Wpointer-arith -Wbad-function-cast -Wcast-qual -Wcast-align -Wwrite-strings -Wconversion -Wsign-compare -Waggregate-return -Wstrict-prototypes -Wmissing-prototypes -Wmissing-declarations -Wredundant-decls -Wnested-externs -Winline -Wno-long-long -Wfloat-equal -Wmissing-format-attribute -Wpadded -O3 -fomit-frame-pointer   conftest.c >&5
configure:19323: warning: function declaration isn't a prototype
configure:19282: $? = 0
configure:19285: test -s conftest.o
configure:19288: $? = 0
configure:19299: result: yes
configure:19313: checking for error_at_line
configure:19335: gcc -o conftest  -std=c99 -pedantic -Wall -W -Wundef -Wshadow -Wpointer-arith -Wbad-function-cast -Wcast-qual -Wcast-align -Wwrite-strings -Wconversion -Wsign-compare -Waggregate-return -Wstrict-prototypes -Wmissing-prototypes -Wmissing-declarations -Wredundant-decls -Wnested-externs -Winline -Wno-long-long -Wfloat-equal -Wmissing-format-attribute -Wpadded -O3 -fomit-frame-pointer    conftest.c  >&5
configure:19349: warning: function declaration isn't a prototype
configure: In function `main':
configure:19350: warning: implicit declaration of function `error_at_line'
configure:19350: warning: nested extern declaration of `error_at_line'
configure:19338: $? = 0
configure:19341: test -s conftest
configure:19344: $? = 0
configure:19355: result: yes
configure:19362: checking for working memcmp
configure:19411: gcc -o conftest  -std=c99 -pedantic -Wall -W -Wundef -Wshadow -Wpointer-arith -Wbad-function-cast -Wcast-qual -Wcast-align -Wwrite-strings -Wconversion -Wsign-compare -Waggregate-return -Wstrict-prototypes -Wmissing-prototypes -Wmissing-declarations -Wredundant-decls -Wnested-externs -Winline -Wno-long-long -Wfloat-equal -Wmissing-format-attribute -Wpadded -O3 -fomit-frame-pointer    conftest.c  >&5
configure:19401: warning: function declaration isn't a prototype
configure: In function `main':
configure:19404: warning: overflow in implicit constant conversion
configure:19404: warning: overflow in implicit constant conversion
configure:19405: warning: implicit declaration of function `memcmp'
configure:19405: warning: nested extern declaration of `memcmp'
<internal>:0: warning: redundant redeclaration of 'memcmp'
configure:19406: warning: implicit declaration of function `exit'
configure:19406: warning: nested extern declaration of `exit'
<internal>:0: warning: redundant redeclaration of 'exit'
configure:19419: warning: implicit declaration of function `strcpy'
configure:19419: warning: nested extern declaration of `strcpy'
<internal>:0: warning: redundant redeclaration of 'strcpy'
configure:19421: warning: nested extern declaration of `memcmp'
<internal>:0: warning: redundant redeclaration of 'memcmp'
configure:19422: warning: nested extern declaration of `exit'
<internal>:0: warning: redundant redeclaration of 'exit'
configure:19424: warning: nested extern declaration of `exit'
<internal>:0: warning: redundant redeclaration of 'exit'
configure:19414: $? = 0
configure:19416: ./conftest
configure:19419: $? = 0
configure:19433: result: yes
configure:19441: checking for vprintf
configure:19491: gcc -o conftest  -std=c99 -pedantic -Wall -W -Wundef -Wshadow -Wpointer-arith -Wbad-function-cast -Wcast-qual -Wcast-align -Wwrite-strings -Wconversion -Wsign-compare -Waggregate-return -Wstrict-prototypes -Wmissing-prototypes -Wmissing-declarations -Wredundant-decls -Wnested-externs -Winline -Wno-long-long -Wfloat-equal -Wmissing-format-attribute -Wpadded -O3 -fomit-frame-pointer    conftest.c  >&5
configure:19490: warning: function declaration isn't a prototype
configure:19490: warning: conflicting types for built-in function 'vprintf'
configure:19497: warning: function declaration isn't a prototype
configure:19505: warning: function declaration isn't a prototype
configure:19494: $? = 0
configure:19497: test -s conftest
configure:19500: $? = 0
configure:19511: result: yes
configure:19518: checking for _doprnt
configure:19568: gcc -o conftest  -std=c99 -pedantic -Wall -W -Wundef -Wshadow -Wpointer-arith -Wbad-function-cast -Wcast-qual -Wcast-align -Wwrite-strings -Wconversion -Wsign-compare -Waggregate-return -Wstrict-prototypes -Wmissing-prototypes -Wmissing-declarations -Wredundant-decls -Wnested-externs -Winline -Wno-long-long -Wfloat-equal -Wmissing-format-attribute -Wpadded -O3 -fomit-frame-pointer    conftest.c  >&5
configure:19568: warning: function declaration isn't a prototype
configure:19575: warning: function declaration isn't a prototype
configure:19583: warning: function declaration isn't a prototype
/tmp/ccsDx7Mi.o(.text+0x14): In function `main':
: undefined reference to `_doprnt'
/tmp/ccsDx7Mi.o(.data+0x0): undefined reference to `_doprnt'
collect2: ld returned 1 exit status
configure:19571: $? = 1
configure: failed program was:
| #line 19523 "configure"
| /* confdefs.h.  */
| 
| #define PACKAGE_NAME "SZIP"
| #define PACKAGE_TARNAME "szip"
| #define PACKAGE_VERSION "2.0"
| #define PACKAGE_STRING "SZIP 2.0"
| #define PACKAGE_BUGREPORT "hdfhelp@ncsa.uiuc.edu"
| #define PACKAGE "SZIP"
| #define VERSION "2.0"
| #define STDC_HEADERS 1
| #define HAVE_SYS_TYPES_H 1
| #define HAVE_SYS_STAT_H 1
| #define HAVE_STDLIB_H 1
| #define HAVE_STRING_H 1
| #define HAVE_MEMORY_H 1
| #define HAVE_STRINGS_H 1
| #define HAVE_INTTYPES_H 1
| #define HAVE_STDINT_H 1
| #define HAVE_UNISTD_H 1
| #define HAVE_DLFCN_H 1
| #ifdef __cplusplus
| #include <stdlib.h>
| #endif
| #define STDC_HEADERS 1
| #define HAVE_FCNTL_H 1
| #define HAVE_STDLIB_H 1
| #define HAVE_STRING_H 1
| #define HAVE_VPRINTF 1
| /* end confdefs.h.  */
| /* System header to define __stub macros and hopefully few prototypes,
|     which can conflict with char _doprnt (); below.
|     Prefer <limits.h> to <assert.h> if __STDC__ is defined, since
|     <limits.h> exists even on freestanding compilers.  */
| #ifdef __STDC__
| # include <limits.h>
| #else
| # include <assert.h>
| #endif
| /* Override any gcc2 internal prototype to avoid an error.  */
| #ifdef __cplusplus
| extern "C"
| {
| #endif
| /* We use char because int might match the return type of a gcc2
|    builtin and then its argument prototype would still apply.  */
| char _doprnt ();
| /* The GNU C library defines this for functions which it implements
|     to always fail with ENOSYS.  Some functions are actually named
|     something starting with __ and the normal name is an alias.  */
| #if defined (__stub__doprnt) || defined (__stub____doprnt)
| choke me
| #else
| char (*f) () = _doprnt;
| #endif
| #ifdef __cplusplus
| }
| #endif
| 
| int
| main ()
| {
| return f != _doprnt;
|   ;
|   return 0;
| }
configure:19588: result: no
configure:19606: checking for memset
configure:19656: gcc -o conftest  -std=c99 -pedantic -Wall -W -Wundef -Wshadow -Wpointer-arith -Wbad-function-cast -Wcast-qual -Wcast-align -Wwrite-strings -Wconversion -Wsign-compare -Waggregate-return -Wstrict-prototypes -Wmissing-prototypes -Wmissing-declarations -Wredundant-decls -Wnested-externs -Winline -Wno-long-long -Wfloat-equal -Wmissing-format-attribute -Wpadded -O3 -fomit-frame-pointer    conftest.c  >&5
configure:19656: warning: function declaration isn't a prototype
configure:19656: warning: conflicting types for built-in function 'memset'
configure:19663: warning: function declaration isn't a prototype
configure:19671: warning: function declaration isn't a prototype
configure:19659: $? = 0
configure:19662: test -s conftest
configure:19665: $? = 0
configure:19676: result: yes
configure:19690: checking if encoding enabled
configure:19834: creating ./config.status

## ---------------------- ##
## Running config.status. ##
## ---------------------- ##

This file was extended by SZIP config.status 2.0, which was
generated by GNU Autoconf 2.57.  Invocation command line was

  CONFIG_FILES    = 
  CONFIG_HEADERS  = 
  CONFIG_LINKS    = 
  CONFIG_COMMANDS = 
  $ ./config.status 

on sarimner

config.status:683: creating Makefile
config.status:683: creating examples/Makefile
config.status:683: creating src/Makefile
config.status:683: creating test/Makefile
config.status:787: creating src/SZconfig.h
config.status:908: src/SZconfig.h is unchanged
config.status:1030: executing depfiles commands

## ---------------- ##
## Cache variables. ##
## ---------------- ##

ac_cv_build=i686-pc-linux-gnu
ac_cv_build_alias=i686-pc-linux-gnu
ac_cv_c_compiler_gnu=yes
ac_cv_c_const=yes
ac_cv_cxx_compiler_gnu=yes
ac_cv_env_CC_set=
ac_cv_env_CC_value=
ac_cv_env_CFLAGS_set=
ac_cv_env_CFLAGS_value=
ac_cv_env_CPPFLAGS_set=
ac_cv_env_CPPFLAGS_value=
ac_cv_env_CPP_set=
ac_cv_env_CPP_value=
ac_cv_env_CXXCPP_set=
ac_cv_env_CXXCPP_value=
ac_cv_env_CXXFLAGS_set=
ac_cv_env_CXXFLAGS_value=
ac_cv_env_CXX_set=
ac_cv_env_CXX_value=
ac_cv_env_F77_set=
ac_cv_env_F77_value=
ac_cv_env_FFLAGS_set=
ac_cv_env_FFLAGS_value=
ac_cv_env_LDFLAGS_set=
ac_cv_env_LDFLAGS_value=
ac_cv_env_build_alias_set=
ac_cv_env_build_alias_value=
ac_cv_env_host_alias_set=
ac_cv_env_host_alias_value=
ac_cv_env_target_alias_set=
ac_cv_env_target_alias_value=
ac_cv_exeext=
ac_cv_f77_compiler_gnu=yes
ac_cv_func__doprnt=no
ac_cv_func_dlopen=no
ac_cv_func_memcmp_working=yes
ac_cv_func_memset=yes
ac_cv_func_shl_load=no
ac_cv_func_vprintf=yes
ac_cv_header_dlfcn_h=yes
ac_cv_header_fcntl_h=yes
ac_cv_header_inttypes_h=yes
ac_cv_header_memory_h=yes
ac_cv_header_stdc=yes
ac_cv_header_stdint_h=yes
ac_cv_header_stdlib_h=yes
ac_cv_header_string_h=yes
ac_cv_header_strings_h=yes
ac_cv_header_sys_stat_h=yes
ac_cv_header_sys_types_h=yes
ac_cv_header_unistd_h=yes
ac_cv_host=i686-pc-linux-gnu
ac_cv_host_alias=i686-pc-linux-gnu
ac_cv_lib_dl_dlopen=yes
ac_cv_lib_dld_shl_load=no
ac_cv_lib_error_at_line=yes
ac_cv_objext=o
ac_cv_path_install='/usr/local/bin/install -c'
ac_cv_prog_AR=ar
ac_cv_prog_AWK=gawk
ac_cv_prog_CPP='gcc -E'
ac_cv_prog_CXXCPP='g++ -E'
ac_cv_prog_ac_ct_CC=gcc
ac_cv_prog_ac_ct_CXX=g++
ac_cv_prog_ac_ct_F77=g77
ac_cv_prog_ac_ct_RANLIB=ranlib
ac_cv_prog_ac_ct_STRIP=strip
ac_cv_prog_cc_g=yes
ac_cv_prog_cc_stdc=
ac_cv_prog_cxx_g=yes
ac_cv_prog_egrep='grep -E'
ac_cv_prog_f77_g=yes
ac_cv_prog_make_make_set=yes
ac_cv_type_size_t=yes
am_cv_CC_dependencies_compiler_type=gcc3
am_cv_CXX_dependencies_compiler_type=gcc3
lt_cv_deplibs_check_method=pass_all
lt_cv_dlopen=dlopen
lt_cv_dlopen_libs=-ldl
lt_cv_dlopen_self=yes
lt_cv_dlopen_self_static=yes
lt_cv_file_magic_cmd='$MAGIC_CMD'
lt_cv_file_magic_test_file='/lib/libc.so.6 /lib/libc-*.so'
lt_cv_ld_reload_flag=-r
lt_cv_objdir=.libs
lt_cv_path_LD=/usr/local/bin/ld
lt_cv_path_LDCXX=/usr/local/bin/ld
lt_cv_path_NM='/usr/local/bin/nm -B'
lt_cv_path_SED=/usr/bin/sed
lt_cv_prog_compiler_c_o=yes
lt_cv_prog_compiler_c_o_CXX=yes
lt_cv_prog_compiler_c_o_F77=yes
lt_cv_prog_compiler_rtti_exceptions=no
lt_cv_prog_gnu_ld=yes
lt_cv_prog_gnu_ldcxx=yes
lt_cv_sys_global_symbol_pipe='sed -n -e '\''s/^.*[ 	]\([ABCDGIRSTW][ABCDGIRSTW]*\)[ 	][ 	]*\(\)\([_A-Za-z][_A-Za-z0-9]*\)$/\1 \2\3 \3/p'\'''
lt_cv_sys_global_symbol_to_c_name_address='sed -n -e '\''s/^: \([^ ]*\) $/  {\"\1\", (lt_ptr) 0},/p'\'' -e '\''s/^[BCDEGRST] \([^ ]*\) \([^ ]*\)$/  {"\2", (lt_ptr) \&\2},/p'\'''
lt_cv_sys_global_symbol_to_cdecl='sed -n -e '\''s/^. .* \(.*\)$/extern int \1;/p'\'''
lt_cv_sys_max_cmd_len=32768
lt_lt_cv_prog_compiler_c_o='"yes"'
lt_lt_cv_prog_compiler_c_o_CXX='"yes"'
lt_lt_cv_prog_compiler_c_o_F77='"yes"'
lt_lt_cv_sys_global_symbol_pipe='"sed -n -e '\''s/^.*[ 	]\\([ABCDGIRSTW][ABCDGIRSTW]*\\)[ 	][ 	]*\\(\\)\\([_A-Za-z][_A-Za-z0-9]*\\)\$/\\1 \\2\\3 \\3/p'\''"'
lt_lt_cv_sys_global_symbol_to_c_name_address='"sed -n -e '\''s/^: \\([^ ]*\\) \$/  {\\\"\\1\\\", (lt_ptr) 0},/p'\'' -e '\''s/^[BCDEGRST] \\([^ ]*\\) \\([^ ]*\\)\$/  {\"\\2\", (lt_ptr) \\&\\2},/p'\''"'
lt_lt_cv_sys_global_symbol_to_cdecl='"sed -n -e '\''s/^. .* \\(.*\\)\$/extern int \\1;/p'\''"'

## ----------------- ##
## Output variables. ##
## ----------------- ##

ACLOCAL='${SHELL} /home/user/mmoelle1/nobackup/Featflow2/libraries/szip/orig/bin/missing --run aclocal-1.7'
AMDEPBACKSLASH='\'
AMDEP_FALSE='#'
AMDEP_TRUE=''
AMTAR='${SHELL} /home/user/mmoelle1/nobackup/Featflow2/libraries/szip/orig/bin/missing --run tar'
AR='ar'
AUTOCONF='${SHELL} /home/user/mmoelle1/nobackup/Featflow2/libraries/szip/orig/bin/missing --run autoconf'
AUTOHEADER='${SHELL} /home/user/mmoelle1/nobackup/Featflow2/libraries/szip/orig/bin/missing --run autoheader'
AUTOMAKE='${SHELL} /home/user/mmoelle1/nobackup/Featflow2/libraries/szip/orig/bin/missing --run automake-1.7'
AWK='gawk'
CC='gcc'
CCDEPMODE='depmode=gcc3'
CFLAGS=' -std=c99 -pedantic -Wall -W -Wundef -Wshadow -Wpointer-arith -Wbad-function-cast -Wcast-qual -Wcast-align -Wwrite-strings -Wconversion -Wsign-compare -Waggregate-return -Wstrict-prototypes -Wmissing-prototypes -Wmissing-declarations -Wredundant-decls -Wnested-externs -Winline -Wno-long-long -Wfloat-equal -Wmissing-format-attribute -Wpadded -O3 -fomit-frame-pointer'
CPP='gcc -E'
CPPFLAGS=' '
CXX='g++'
CXXCPP='g++ -E'
CXXDEPMODE='depmode=gcc3'
CXXFLAGS='-g -O2'
CYGPATH_W='echo'
DEFS='-DHAVE_CONFIG_H'
DEPDIR='.deps'
ECHO='echo'
ECHO_C=''
ECHO_N='-n'
ECHO_T=''
EGREP='grep -E'
EXEEXT=''
F77='g77'
FFLAGS='-g -O2'
INSTALL_DATA='${INSTALL} -m 644'
INSTALL_PROGRAM='${INSTALL}'
INSTALL_SCRIPT='${INSTALL}'
INSTALL_STRIP_PROGRAM='${SHELL} $(install_sh) -c -s'
LDFLAGS=''
LIBOBJS=''
LIBS=''
LIBTOOL='$(SHELL) $(top_builddir)/libtool'
LN_S='ln -s'
LTLIBOBJS=''
MAINT='#'
MAINTAINER_MODE_FALSE=''
MAINTAINER_MODE_TRUE='#'
MAKEINFO='${SHELL} /home/user/mmoelle1/nobackup/Featflow2/libraries/szip/orig/bin/missing --run makeinfo'
OBJEXT='o'
PACKAGE='SZIP'
PACKAGE_BUGREPORT='hdfhelp@ncsa.uiuc.edu'
PACKAGE_NAME='SZIP'
PACKAGE_STRING='SZIP 2.0'
PACKAGE_TARNAME='szip'
PACKAGE_VERSION='2.0'
PATH_SEPARATOR=':'
RANLIB='ranlib'
SET_MAKE=''
SHELL='/bin/sh'
STRIP='strip'
VERSION='2.0'
ac_ct_AR=''
ac_ct_CC='gcc'
ac_ct_CXX='g++'
ac_ct_F77='g77'
ac_ct_RANLIB='ranlib'
ac_ct_STRIP='strip'
am__fastdepCC_FALSE='#'
am__fastdepCC_TRUE=''
am__fastdepCXX_FALSE='#'
am__fastdepCXX_TRUE=''
am__include='include'
am__leading_dot='.'
am__quote=''
bindir='${exec_prefix}/bin'
build='i686-pc-linux-gnu'
build_alias=''
build_cpu='i686'
build_os='linux-gnu'
build_vendor='pc'
datadir='${prefix}/share'
exec_prefix='${prefix}'
host='i686-pc-linux-gnu'
host_alias=''
host_cpu='i686'
host_os='linux-gnu'
host_vendor='pc'
includedir='${prefix}/include'
infodir='${prefix}/info'
install_sh='/home/user/mmoelle1/nobackup/Featflow2/libraries/szip/orig/bin/install-sh'
libdir='${exec_prefix}/lib'
libexecdir='${exec_prefix}/libexec'
localstatedir='${prefix}/var'
mandir='${prefix}/man'
oldincludedir='/usr/include'
prefix='/home/user/mmoelle1/testapp'
program_transform_name='s,x,x,'
sbindir='${exec_prefix}/sbin'
sharedstatedir='${prefix}/com'
sysconfdir='${prefix}/etc'
target_alias=''

## ----------- ##
## confdefs.h. ##
## ----------- ##

#define HAVE_DLFCN_H 1
#define HAVE_ENCODING 1
#define HAVE_FCNTL_H 1
#define HAVE_INTTYPES_H 1
#define HAVE_MEMORY_H 1
#define HAVE_MEMSET 1
#define HAVE_STDINT_H 1
#define HAVE_STDLIB_H 1
#define HAVE_STDLIB_H 1
#define HAVE_STRINGS_H 1
#define HAVE_STRING_H 1
#define HAVE_STRING_H 1
#define HAVE_SYS_STAT_H 1
#define HAVE_SYS_TYPES_H 1
#define HAVE_UNISTD_H 1
#define HAVE_VPRINTF 1
#define PACKAGE "SZIP"
#define PACKAGE_BUGREPORT "hdfhelp@ncsa.uiuc.edu"
#define PACKAGE_NAME "SZIP"
#define PACKAGE_STRING "SZIP 2.0"
#define PACKAGE_TARNAME "szip"
#define PACKAGE_VERSION "2.0"
#define STDC_HEADERS 1
#define STDC_HEADERS 1
#define VERSION "2.0"
#endif
#ifdef __cplusplus
#include <stdlib.h>

configure: exit 0
