
Calculating cc2d-Problem
-------------------------------------------------------------------------------
Parameters:

SIMPORTDATAFILES(8)=
"./data/discretisation.dat"
"./data/linsol_cc2d.dat"
"./data/nonlinsol_cc2d.dat"
"./data/output.dat"
"./data/paramtriang.dat"
"./data/bdconditions.dat"
"./data/timediscr.dat"
"./data/postprocessing.dat"

[CC-DISCRETISATION]
CTYPEINITIALSOLUTION=0
ISOLUTIONSTART=0
SSOLUTIONSTART='ns/DX4'
ISOLUTIONWRITE=0
SSOLUTIONWRITE='ns/DX4'
NLMIN=1
NLMAX=1
IEQUATION=0
ISUBEQUATION=0
RE=100
IRHS=0
IBOUNDARY=2
IELEMENTTYPE=3
IUPWIND=2
DUPSAM=0.00
ILOCALH=1
IELEMENTTYPESTABIL=-1
IMASS=1
IMASSLUMPTYPE=0
ISTRONGDERIVATIVEBMATRIX=0
SCUBMASS=G4X4
SCUBSTOKES=G4X4
SCUBB=G4X4
SCUBF=G4X4
IADAPTIVEMATRIX=0
DADMATTHRESHOLD=20.0

[CC-PROLREST]
IINTERPOLATIONORDERVEL=-1
IINTERPOLATIONORDERPRESS=-1
IINTERPOLATIONVARIANTVEL=0
IINTARINDICATOREX3YVEL=1
DINTARBOUNDEX3YVEL=20.0

[CC-LINEARSOLVER]
ISOLVERTYPE=1
SSOLVERSECTION='CC-MULTIGRIDSOLVER'
ISMOOTHERTYPE=3
SSMOOTHERSECTION='CC-SMOOTHER'
ICOARSEGRIDSOLVERTYPE=2
SCOARSEGRIDSOLVERSECTION='CC-COARSEGRIDSOLVER'

[CC-MULTIGRIDSOLVER]
NMINITERATIONS=2
NMAXITERATIONS=10
DEPSREL=1E-2
DEPSABS=1E-5
ISTOPPINGCRITERION=0
DOMEGA=1.0
IOUTPUTLEVEL=-1
IRESNORM=0
ICYCLE=0
CCORRECTIONTYPEALPHA=0
DALPHAMIN=-10.0
DALPHAMAX=10.0

[CC-SMOOTHER]
NSMOOTHINGSTEPS=4
DOMEGA=1.0
IOUTPUTLEVEL=0

[CC-COARSEGRIDSOLVER]
NMINITERATIONS=1
NMAXITERATIONS=1000
DEPSREL=1E-2
DEPSABS=1E-2
ISTOPPINGCRITERION=0
IOUTPUTLEVEL=-1
DOMEGA=1.0
SPRECONDITIONERSECTION='CC-COARSEGRID-PRECONDITIONER'

[CC-COARSEGRID-PRECONDITIONER]
DOMEGA=1.0

[CC2D-NONLINEAR]
NMINITERATIONS=1
NMAXITERATIONS=50
DEPSD=1.0E-5
DEPSDIV=1.0E-5
DEPSUR=1.0E-5
DEPSPR=1.0E-5
DDAMPINGD=1.0E-1
IOUTPUTLEVEL=2
ITYPEPRECONDITIONING=1
SLINEARSOLVER='CC-LINEARSOLVER'
SPRECONDITIONERADAPTIVENEWTON='CC-ADAPTIVENEWTONITERATION'
DOMEGAMIN=1.0
DOMEGAMAX=1.0
DOMEGAINI=1.0

[CC-ADAPTIVENEWTONITERATION]
NMINFIXPOINTITERATIONS=0
NMAXFIXPOINTITERATIONS=5
DEPSABSNEWTON=1.0E99
DEPSRELNEWTON=1.0E-2
CINEXACTNEWTON=1
DINEXACTNEWTONEPSREL=1.0E-2
DINEXACTNEWTONEXPONENT=2.0

[GENERALOUTPUT]
MSHOW_INITIALISATION=2
MT_OUTPUTLEVEL=2
SMSGLOG='log/output.log'
SERRORLOG=''

[PARAMTRIANG]
SPARAMETRISATION='./pre/QUAD.prm'
SMESH='./pre/QUAD.tri'

[BDEXPRESSIONS]
BDEXPRESSIONS(6)=
'AnalyticBC'    -2    ''
'Umax'           0    0.3
'Dirichlet0'     0    0.0
'Dirichlet1'     0    1.0
'ParProfile'     2    0.3
'ParProfExpr'   -1    '4.0*0.3*L*(1.0-L)'

[BDCONDITIONS]
INEUMANNBOUNDARY=-1
BDCOMPONENT1(4)=
1.0  3  1  'Dirichlet0'  'Dirichlet0'
2.0  0  0
3.0  3  1  'Dirichlet0'  'Dirichlet0'
4.0  3  1  'ParProfile'  'Dirichlet0'
BDCOMPONENT2(1)=
4.0  3  1  'Dirichlet0'  'Dirichlet0'

[TIME-DISCRETISATION]
ITIMEDEPENDENCE=1
NITERATIONS=10000
DTIMEINIT=0.0
DTIMEMAX=1.0
DTIMESTEP=0.2
DMINTIMEDERIVATIVE=0.00001
ITIMESTEPSCHEME=0
DTIMESTEPTHETA=1.0
CADAPTIVETIMESTEPPING=0
IREPETITIONS=3
DTIMESTEPMIN=0.000001
DTIMESTEPMAX=1.000000001
DTIMESTEPFACTOR=9.000000001
DEPSADAPTIVERELTIMESTEP=0.5
CADTIMESTEPINIT=2
DADTIMESTEPINITDURATION=0.5
CADTIMESTEPERRORCONTROL=1
DADTIMESTEPEPSDURINGINIT=1.25E-1
DADTIMESTEPEPSAFTERINIT=1.25E-3

[CC-POSTPROCESSING]
IOUTPUTUCD=1
ILEVELUCD=0
SFILENAMEUCD='gmv/u.gmv'
DMINTIMEUCD=-1.0E100
DMAXTIMEUCD=1.0E100
DTIMEDIFFERENCEUCD=0.0
ISTARTSUFFIXUCD=0
IOUTPUTFILM=1
ILEVELFILM=0
SFILENAMEFILM='ns/solution'
DMINTIMEFILM=-1.0E100
DMAXTIMEFILM=1.0E100
DTIMEDIFFERENCEFILM=0.0
ISTARTSUFFIXFILM=0
IERRORANALYSISL2=1
IERRORANALYSISH1=0
ICALCKINETICENERGY=1
-------------------------------------------------------------------------------
Initialising parametrisation / triangulation...

Time for mesh generation: 0.0010000000

Mesh statistics:

Lv. dim.        NVT        NMT        NEL    NBCT  NblindBCT    NVBD     #trias     #quads
------------------------------------------------------------------------------------------
  1   2          4          4          1       1          0       4          0          1
-------------------------------------------------------------------------------
Initialising discretisation...

Discretisation statistics:

Level 1
Dimension:                    2
Complexity:                   uniform
#DOFs:                        9
Number of components:         3
-------------------------------------------------------------------------------
Initialising postprocessing...
-------------------------------------------------------------------------------
Initialising matrices/vectors...

Time for matrix initialisation: 0.0010000000
-------------------------------------------------------------------------------
Generating basic matrices...
-------------------------------------------------------------------------------
Initialising initial solution vector...
-------------------------------------------------------------------------------
Generating RHS vector...
-------------------------------------------------------------------------------
Generating discrete boundary conditions of first time step...
-------------------------------------------------------------------------------
Invoking nonstationary solver...
-------------------------------------------------------------------------------
Starting postprocessing of initial solution...

Divergence
----------
Divergence =    3.000000E-01

Error Analysis
--------------
||u-reference||_L2 =    8.767839E-02
||p-reference||_L2 =    0.000000E+00
||u||^2_L2         =    7.687500E-03

Writing GMV file: gmv/u.gmv.00000

Writing Film file: ns/solution.00000

@@@@@@@@@@@@@@@@@@@@@@@@@@@@@@@@@@@@@@@@@@@@@@@@@@@@@@@@@@@@@@@@@@@@@@@@@@@@@@@
Time-Step 1, Time = 0.00000, Stepsize: DT3 = 0.20000
@@@@@@@@@@@@@@@@@@@@@@@@@@@@@@@@@@@@@@@@@@@@@@@@@@@@@@@@@@@@@@@@@@@@@@@@@@@@@@@
-------------------------------------------------------------------------------
 IT  RELU     RELP     DEF-U    DEF-DIV  DEF-TOT  RHONL    OMEGNL   RHOMG
-------------------------------------------------------------------------------
  0                    2.50E-04 1.00E+00 1.00E+00
-------------------------------------------------------------------------------
  1  1.00E+00 1.00E+00 1.06E-01 1.31E-16 1.06E-01 1.06E-01 1.00E+00 0.00E+00
