
Calculating cc2d-Problem
-------------------------------------------------------------------------------
Parameters:

SIMPORTDATAFILES(8)=
"./data/discretisation.dat"
"./data/linsol_cc2d.dat"
"./data/nonlinsol_cc2d.dat"
"./data/output.dat"
"./data/paramtriang.dat"
"./data/bdconditions.dat"
"./data/timediscr.dat"
"./data/postprocessing.dat"

[CC-DISCRETISATION]
CTYPEINITIALSOLUTION=0
ISOLUTIONSTART=0
SSOLUTIONSTART='ns/DX4'
ISOLUTIONWRITE=0
SSOLUTIONWRITE='ns/DX4'
NLMIN=3
NLMAX=7
IEQUATION=0
ISUBEQUATION=1
RE=10
RHO1=1.0
RHO2=1.25
PX=1.0
PY=4.0
PRAD=0.125
IRHS=0
IBOUNDARY=2
IELEMENTTYPE=3
IUPWIND=2
DUPSAM=0.01
ILOCALH=1
IELEMENTTYPESTABIL=-1
IMASS=1
IMASSLUMPTYPE=0
ISTRONGDERIVATIVEBMATRIX=0
SCUBMASS=G4X4
SCUBSTOKES=G4X4
SCUBB=G4X4
SCUBF=G4X4
IADAPTIVEMATRIX=0
DADMATTHRESHOLD=20.0

[CC-PROLREST]
IINTERPOLATIONORDERVEL=-1
IINTERPOLATIONORDERPRESS=-1
IINTERPOLATIONVARIANTVEL=0
IINTARINDICATOREX3YVEL=1
DINTARBOUNDEX3YVEL=20.0

[CC-LINEARSOLVER]
ISOLVERTYPE=1
SSOLVERSECTION='CC-MULTIGRIDSOLVER'
ISMOOTHERTYPE=3
SSMOOTHERSECTION='CC-SMOOTHER'
ICOARSEGRIDSOLVERTYPE=2
SCOARSEGRIDSOLVERSECTION='CC-COARSEGRIDSOLVER'

[CC-MULTIGRIDSOLVER]
NMINITERATIONS=2
NMAXITERATIONS=10
DEPSREL=1E-2
DEPSABS=1E-5
ISTOPPINGCRITERION=0
DOMEGA=1.0
IOUTPUTLEVEL=-1
IRESNORM=0
ICYCLE=0
CCORRECTIONTYPEALPHA=0
DALPHAMIN=-10.0
DALPHAMAX=10.0

[CC-SMOOTHER]
NSMOOTHINGSTEPS=4
DOMEGA=1.0
IOUTPUTLEVEL=0

[CC-COARSEGRIDSOLVER]
NMINITERATIONS=1
NMAXITERATIONS=1000
DEPSREL=1E-2
DEPSABS=1E-2
ISTOPPINGCRITERION=0
IOUTPUTLEVEL=-1
DOMEGA=1.0
SPRECONDITIONERSECTION='CC-COARSEGRID-PRECONDITIONER'

[CC-COARSEGRID-PRECONDITIONER]
DOMEGA=1.0

[CC2D-NONLINEAR]
NMINITERATIONS=1
NMAXITERATIONS=50
DEPSD=1.0E-5
DEPSDIV=1.0E-5
DEPSUR=1.0E-5
DEPSPR=1.0E-5
DDAMPINGD=1.0E-1
IOUTPUTLEVEL=2
ITYPEPRECONDITIONING=1
SLINEARSOLVER='CC-LINEARSOLVER'
SPRECONDITIONERADAPTIVENEWTON='CC-ADAPTIVENEWTONITERATION'
DOMEGAMIN=1.0
DOMEGAMAX=1.0
DOMEGAINI=1.0

[CC-ADAPTIVENEWTONITERATION]
NMINFIXPOINTITERATIONS=0
NMAXFIXPOINTITERATIONS=5
DEPSABSNEWTON=1.0E99
DEPSRELNEWTON=1.0E-2
CINEXACTNEWTON=1
DINEXACTNEWTONEPSREL=1.0E-2
DINEXACTNEWTONEXPONENT=2.0

[GENERALOUTPUT]
MSHOW_INITIALISATION=2
MT_OUTPUTLEVEL=2
SMSGLOG='log/output.log'
SERRORLOG=''

[PARAMTRIANG]
SPARAMETRISATION='./pre/bench2m26.prm'
SMESH='./pre/bench2m26.tri'

[BDEXPRESSIONS]
BDEXPRESSIONS(8)=
'AnalyticBC'    -2    ''
'Umax'           0    0.3
'Dirichlet0'     0    0.0
'Dirichlet1'     0    1.0
'ParProfile'     2    0.3
'ParProfExpr'   -1    '4.0*0.3*L*(1.0-L)'
'CircExprX'     -1    '-sin(2*_PI*L)'
'CircExprY'     -1    'cos(2*_PI*L)'

[BDCONDITIONS]
INEUMANNBOUNDARY=-1
BDCOMPONENT1(4)=
1.0  0  0
2.0  3  1  'Dirichlet0'  'Dirichlet0'
3.0  3  1  'Dirichlet0'  'Dirichlet0'
4.0  3  1  'Dirichlet0'  'Dirichlet0'
BDCOMPONENT2(1)=
4.0  3  1  'Dirichlet0'  'Dirichlet0'

[TIME-DISCRETISATION]
ITIMEDEPENDENCE=1
NITERATIONS=10000
DTIMEINIT=0.0
DTIMEMAX=1.0
DTIMESTEP=0.001
DMINTIMEDERIVATIVE=0.00000
ITIMESTEPSCHEME=0
DTIMESTEPTHETA=1.0
CADAPTIVETIMESTEPPING=0
IREPETITIONS=3
DTIMESTEPMIN=0.000001
DTIMESTEPMAX=1.000000001
DTIMESTEPFACTOR=9.000000001
DEPSADAPTIVERELTIMESTEP=0.5
CADTIMESTEPINIT=2
DADTIMESTEPINITDURATION=0.5
CADTIMESTEPERRORCONTROL=1
DADTIMESTEPEPSDURINGINIT=1.25E-1
DADTIMESTEPEPSAFTERINIT=1.25E-3

[CC-POSTPROCESSING]
IOUTPUTUCD=1
ILEVELUCD=0
SFILENAMEUCD='gmv/u.gmv'
DMINTIMEUCD=-1.0E100
DMAXTIMEUCD=1.0E100
DTIMEDIFFERENCEUCD=0.0
ISTARTSUFFIXUCD=0
IOUTPUTFILM=0
ILEVELFILM=0
SFILENAMEFILM='ns/solution'
DMINTIMEFILM=-1.0E100
DMAXTIMEFILM=1.0E100
DTIMEDIFFERENCEFILM=0.0
ISTARTSUFFIXFILM=0
IERRORANALYSISL2=0
IERRORANALYSISH1=0
ICALCKINETICENERGY=0
-------------------------------------------------------------------------------
Initialising parametrisation / triangulation...

Time for mesh generation: 0.0190000000

Mesh statistics:

Lv. dim.        NVT        NMT        NEL    NBCT  NblindBCT    NVBD     #trias     #quads
------------------------------------------------------------------------------------------
  3   2         85        148         64       1          0      40          0         64
  4   2        297        552        256       1          0      80          0        256
  5   2       1105       2128       1024       1          0     160          0       1024
  6   2       4257       8352       4096       1          0     320          0       4096
  7   2      16705      33088      16384       1          0     640          0      16384
-------------------------------------------------------------------------------
Initialising discretisation...

Discretisation statistics:

Level 3
Dimension:                    2
Complexity:                   uniform
#DOFs:                        360
Number of components:         3

Level 4
Dimension:                    2
Complexity:                   uniform
#DOFs:                        1360
Number of components:         3

Level 5
Dimension:                    2
Complexity:                   uniform
#DOFs:                        5280
Number of components:         3

Level 6
Dimension:                    2
Complexity:                   uniform
#DOFs:                        20800
Number of components:         3

Level 7
Dimension:                    2
Complexity:                   uniform
#DOFs:                        82560
Number of components:         3
-------------------------------------------------------------------------------
Initialising postprocessing...
-------------------------------------------------------------------------------
Initialising matrices/vectors...

Time for matrix initialisation: 0.0190000000
-------------------------------------------------------------------------------
Generating basic matrices...
-------------------------------------------------------------------------------
Initialising initial solution vector...
-------------------------------------------------------------------------------
Generating RHS vector...
-------------------------------------------------------------------------------
Generating discrete boundary conditions of first time step...
-------------------------------------------------------------------------------
Invoking nonstationary solver...
-------------------------------------------------------------------------------
Starting postprocessing of initial solution...
----------------


Divergence
----------
Divergence =    0.000000E+00

Writing GMV file: gmv/u.gmv.00000

@@@@@@@@@@@@@@@@@@@@@@@@@@@@@@@@@@@@@@@@@@@@@@@@@@@@@@@@@@@@@@@@@@@@@@@@@@@@@@@
Time-Step 1, Time = 0.00000, Stepsize: DT3 = 0.00100
@@@@@@@@@@@@@@@@@@@@@@@@@@@@@@@@@@@@@@@@@@@@@@@@@@@@@@@@@@@@@@@@@@@@@@@@@@@@@@@
-------------------------------------------------------------------------------
 IT  RELU     RELP     DEF-U    DEF-DIV  DEF-TOT  RHONL    OMEGNL   RHOMG
-------------------------------------------------------------------------------
  0                    1.00E+00 0.00E+00 1.00E+00
-------------------------------------------------------------------------------
  1  1.00E+00 1.00E+00 3.14E-03 8.30E-07 3.14E-03 3.14E-03 1.00E+00 3.34E-01
  2  3.84E-03 2.56E-03 8.50E-06 1.64E-08 8.50E-06 5.20E-02 1.00E+00 2.99E-01
  3  1.91E-05 7.24E-06 2.13E-08 9.72E-11 2.13E-08 1.36E-01 1.00E+00 3.55E-01
  4  3.24E-08 2.74E-08 8.06E-11 8.52E-13 8.06E-11 2.48E-01 1.00E+00 3.87E-01
@@@@@@@@@@@@@@@@@@@@@@@@@@@@@@@@@@@@@@@@@@@@@@@@@@@@@@@@@@@@@@@@@@@@@@@@@@@@@@@
Time-Step 1 (Repetition = 0, Substep = 1 of 1) at time = 0.00100 finished.
-------------------------------------------------------------------------------
Starting postprocessing of the time step...
----------------


Divergence
----------
Divergence =    1.554593E-04

Writing GMV file: gmv/u.gmv.00001
-------------------------------------------------------------------------------
Analysing time derivative...
Time derivative:   RELU(L2)= 1.24E-01  RELP(L2)= 1.07E+02  REL= 1.24E-01
@@@@@@@@@@@@@@@@@@@@@@@@@@@@@@@@@@@@@@@@@@@@@@@@@@@@@@@@@@@@@@@@@@@@@@@@@@@@@@@

@@@@@@@@@@@@@@@@@@@@@@@@@@@@@@@@@@@@@@@@@@@@@@@@@@@@@@@@@@@@@@@@@@@@@@@@@@@@@@@
Time-Step 2, Time = 0.00100, Stepsize: DT3 = 0.00100
@@@@@@@@@@@@@@@@@@@@@@@@@@@@@@@@@@@@@@@@@@@@@@@@@@@@@@@@@@@@@@@@@@@@@@@@@@@@@@@
-------------------------------------------------------------------------------
 IT  RELU     RELP     DEF-U    DEF-DIV  DEF-TOT  RHONL    OMEGNL   RHOMG
-------------------------------------------------------------------------------
  0                    4.37E-01 2.43E-03 4.37E-01
-------------------------------------------------------------------------------
  1  5.55E-01 1.26E-01 3.33E-03 3.09E-07 3.33E-03 7.62E-03 1.00E+00 1.91E-01
  2  4.47E-03 4.05E-03 1.40E-05 1.26E-08 1.40E-05 6.48E-02 1.00E+00 2.92E-01
  3  2.94E-05 1.44E-05 6.35E-08 1.25E-10 6.35E-08 1.66E-01 1.00E+00 3.05E-01
  4  8.33E-08 1.03E-07 3.56E-10 9.55E-13 3.56E-10 2.74E-01 1.00E+00 3.75E-01
@@@@@@@@@@@@@@@@@@@@@@@@@@@@@@@@@@@@@@@@@@@@@@@@@@@@@@@@@@@@@@@@@@@@@@@@@@@@@@@
Time-Step 2 (Repetition = 0, Substep = 1 of 1) at time = 0.00200 finished.
-------------------------------------------------------------------------------
Starting postprocessing of the time step...
----------------


Divergence
----------
Divergence =    2.545606E-04

Writing GMV file: gmv/u.gmv.00002
-------------------------------------------------------------------------------
Analysing time derivative...
Time derivative:   RELU(L2)= 1.17E-01  RELP(L2)= 1.33E+01  REL= 1.17E-01
@@@@@@@@@@@@@@@@@@@@@@@@@@@@@@@@@@@@@@@@@@@@@@@@@@@@@@@@@@@@@@@@@@@@@@@@@@@@@@@

@@@@@@@@@@@@@@@@@@@@@@@@@@@@@@@@@@@@@@@@@@@@@@@@@@@@@@@@@@@@@@@@@@@@@@@@@@@@@@@
Time-Step 3, Time = 0.00200, Stepsize: DT3 = 0.00100
@@@@@@@@@@@@@@@@@@@@@@@@@@@@@@@@@@@@@@@@@@@@@@@@@@@@@@@@@@@@@@@@@@@@@@@@@@@@@@@
-------------------------------------------------------------------------------
 IT  RELU     RELP     DEF-U    DEF-DIV  DEF-TOT  RHONL    OMEGNL   RHOMG
-------------------------------------------------------------------------------
  0                    3.25E-01 2.06E-03 3.25E-01
-------------------------------------------------------------------------------
  1  3.99E-01 4.02E-02 3.33E-03 2.21E-07 3.33E-03 1.02E-02 1.00E+00 1.13E-01
  2  4.64E-03 5.36E-03 1.87E-05 1.21E-08 1.87E-05 7.49E-02 1.00E+00 2.96E-01
  3  3.85E-05 2.33E-05 1.26E-07 1.14E-10 1.26E-07 1.89E-01 1.00E+00 2.95E-01
  4  1.65E-07 1.76E-07 1.04E-09 8.21E-13 1.04E-09 3.02E-01 1.00E+00 3.64E-01
@@@@@@@@@@@@@@@@@@@@@@@@@@@@@@@@@@@@@@@@@@@@@@@@@@@@@@@@@@@@@@@@@@@@@@@@@@@@@@@
Time-Step 3 (Repetition = 0, Substep = 1 of 1) at time = 0.00300 finished.
-------------------------------------------------------------------------------
Starting postprocessing of the time step...
----------------


Divergence
----------
Divergence =    3.132739E-04

Writing GMV file: gmv/u.gmv.00003
-------------------------------------------------------------------------------
Analysing time derivative...
Time derivative:   RELU(L2)= 1.12E-01  RELP(L2)= 3.27E+00  REL= 1.12E-01
@@@@@@@@@@@@@@@@@@@@@@@@@@@@@@@@@@@@@@@@@@@@@@@@@@@@@@@@@@@@@@@@@@@@@@@@@@@@@@@

@@@@@@@@@@@@@@@@@@@@@@@@@@@@@@@@@@@@@@@@@@@@@@@@@@@@@@@@@@@@@@@@@@@@@@@@@@@@@@@
Time-Step 4, Time = 0.00300, Stepsize: DT3 = 0.00100
@@@@@@@@@@@@@@@@@@@@@@@@@@@@@@@@@@@@@@@@@@@@@@@@@@@@@@@@@@@@@@@@@@@@@@@@@@@@@@@
-------------------------------------------------------------------------------
 IT  RELU     RELP     DEF-U    DEF-DIV  DEF-TOT  RHONL    OMEGNL   RHOMG
-------------------------------------------------------------------------------
  0                    2.69E-01 1.73E-03 2.69E-01
-------------------------------------------------------------------------------
  1  3.20E-01 1.18E-02 3.23E-03 1.65E-07 3.23E-03 1.20E-02 1.00E+00 5.03E-02
  2  4.53E-03 6.50E-03 2.20E-05 1.19E-08 2.20E-05 8.27E-02 1.00E+00 3.01E-01
  3  4.53E-05 3.27E-05 1.98E-07 1.15E-10 1.98E-07 2.08E-01 1.00E+00 2.94E-01
  4  2.84E-07 2.77E-07 2.16E-09 8.27E-13 2.16E-09 3.23E-01 1.00E+00 3.55E-01
@@@@@@@@@@@@@@@@@@@@@@@@@@@@@@@@@@@@@@@@@@@@@@@@@@@@@@@@@@@@@@@@@@@@@@@@@@@@@@@
Time-Step 4 (Repetition = 0, Substep = 1 of 1) at time = 0.00400 finished.
-------------------------------------------------------------------------------
Starting postprocessing of the time step...
----------------


Divergence
----------
Divergence =    4.799489E-04

Writing GMV file: gmv/u.gmv.00004
-------------------------------------------------------------------------------
Analysing time derivative...
Time derivative:   RELU(L2)= 1.13E-01  RELP(L2)= 7.19E-01  REL= 1.13E-01
@@@@@@@@@@@@@@@@@@@@@@@@@@@@@@@@@@@@@@@@@@@@@@@@@@@@@@@@@@@@@@@@@@@@@@@@@@@@@@@

@@@@@@@@@@@@@@@@@@@@@@@@@@@@@@@@@@@@@@@@@@@@@@@@@@@@@@@@@@@@@@@@@@@@@@@@@@@@@@@
Time-Step 5, Time = 0.00400, Stepsize: DT3 = 0.00100
@@@@@@@@@@@@@@@@@@@@@@@@@@@@@@@@@@@@@@@@@@@@@@@@@@@@@@@@@@@@@@@@@@@@@@@@@@@@@@@
-------------------------------------------------------------------------------
 IT  RELU     RELP     DEF-U    DEF-DIV  DEF-TOT  RHONL    OMEGNL   RHOMG
-------------------------------------------------------------------------------
  0                    2.40E-01 2.02E-03 2.40E-01
-------------------------------------------------------------------------------
  1  2.70E-01 5.21E-02 3.09E-03 7.47E-08 3.09E-03 1.29E-02 1.00E+00 8.24E-02
  2  3.95E-03 7.31E-03 2.40E-05 1.15E-08 2.40E-05 8.82E-02 1.00E+00 3.03E-01
  3  5.29E-05 4.01E-05 2.85E-07 1.11E-10 2.85E-07 2.28E-01 1.00E+00 2.91E-01
  4  4.30E-07 4.38E-07 3.67E-09 7.92E-13 3.67E-09 3.37E-01 1.00E+00 3.43E-01
@@@@@@@@@@@@@@@@@@@@@@@@@@@@@@@@@@@@@@@@@@@@@@@@@@@@@@@@@@@@@@@@@@@@@@@@@@@@@@@
Time-Step 5 (Repetition = 0, Substep = 1 of 1) at time = 0.00500 finished.
-------------------------------------------------------------------------------
Starting postprocessing of the time step...
----------------


Divergence
----------
Divergence =    5.047334E-04

Writing GMV file: gmv/u.gmv.00005
-------------------------------------------------------------------------------
Analysing time derivative...
Time derivative:   RELU(L2)= 1.08E-01  RELP(L2)= 3.85E+00  REL= 1.08E-01
@@@@@@@@@@@@@@@@@@@@@@@@@@@@@@@@@@@@@@@@@@@@@@@@@@@@@@@@@@@@@@@@@@@@@@@@@@@@@@@

@@@@@@@@@@@@@@@@@@@@@@@@@@@@@@@@@@@@@@@@@@@@@@@@@@@@@@@@@@@@@@@@@@@@@@@@@@@@@@@
Time-Step 6, Time = 0.00500, Stepsize: DT3 = 0.00100
@@@@@@@@@@@@@@@@@@@@@@@@@@@@@@@@@@@@@@@@@@@@@@@@@@@@@@@@@@@@@@@@@@@@@@@@@@@@@@@
-------------------------------------------------------------------------------
 IT  RELU     RELP     DEF-U    DEF-DIV  DEF-TOT  RHONL    OMEGNL   RHOMG
-------------------------------------------------------------------------------
  0                    2.18E-01 1.73E-03 2.18E-01
-------------------------------------------------------------------------------
  1  2.56E-01 2.44E-02 2.94E-03 1.52E-07 2.94E-03 1.35E-02 1.00E+00 4.73E-02
  2  3.83E-03 8.19E-03 2.65E-05 1.17E-08 2.65E-05 9.50E-02 1.00E+00 3.10E-01
  3  5.84E-05 5.05E-05 3.55E-07 1.23E-10 3.55E-07 2.37E-01 1.00E+00 2.95E-01
  4  5.61E-07 6.16E-07 5.44E-09 9.15E-13 5.44E-09 3.52E-01 1.00E+00 3.42E-01
@@@@@@@@@@@@@@@@@@@@@@@@@@@@@@@@@@@@@@@@@@@@@@@@@@@@@@@@@@@@@@@@@@@@@@@@@@@@@@@
Time-Step 6 (Repetition = 0, Substep = 1 of 1) at time = 0.00600 finished.
-------------------------------------------------------------------------------
Starting postprocessing of the time step...
----------------


Divergence
----------
Divergence =    4.320115E-04

Writing GMV file: gmv/u.gmv.00006
-------------------------------------------------------------------------------
Analysing time derivative...
Time derivative:   RELU(L2)= 1.03E-01  RELP(L2)= 1.26E+00  REL= 1.03E-01
@@@@@@@@@@@@@@@@@@@@@@@@@@@@@@@@@@@@@@@@@@@@@@@@@@@@@@@@@@@@@@@@@@@@@@@@@@@@@@@

@@@@@@@@@@@@@@@@@@@@@@@@@@@@@@@@@@@@@@@@@@@@@@@@@@@@@@@@@@@@@@@@@@@@@@@@@@@@@@@
Time-Step 7, Time = 0.00600, Stepsize: DT3 = 0.00100
@@@@@@@@@@@@@@@@@@@@@@@@@@@@@@@@@@@@@@@@@@@@@@@@@@@@@@@@@@@@@@@@@@@@@@@@@@@@@@@
-------------------------------------------------------------------------------
 IT  RELU     RELP     DEF-U    DEF-DIV  DEF-TOT  RHONL    OMEGNL   RHOMG
-------------------------------------------------------------------------------
  0                    1.87E-01 1.26E-03 1.87E-01
-------------------------------------------------------------------------------
  1  2.11E-01 4.89E-02 2.90E-03 8.09E-08 2.90E-03 1.55E-02 1.00E+00 9.30E-02
  2  4.60E-03 8.90E-03 3.02E-05 1.04E-08 3.02E-05 1.02E-01 1.00E+00 3.03E-01
  3  6.11E-05 6.12E-05 4.19E-07 1.12E-10 4.19E-07 2.40E-01 1.00E+00 2.87E-01
  4  5.58E-07 7.14E-07 7.90E-09 7.77E-13 7.90E-09 3.71E-01 1.00E+00 3.27E-01
@@@@@@@@@@@@@@@@@@@@@@@@@@@@@@@@@@@@@@@@@@@@@@@@@@@@@@@@@@@@@@@@@@@@@@@@@@@@@@@
Time-Step 7 (Repetition = 0, Substep = 1 of 1) at time = 0.00700 finished.
-------------------------------------------------------------------------------
Starting postprocessing of the time step...
----------------


Divergence
----------
Divergence =    4.755423E-04

Writing GMV file: gmv/u.gmv.00007
-------------------------------------------------------------------------------
Analysing time derivative...
Time derivative:   RELU(L2)= 1.01E-01  RELP(L2)= 5.12E+00  REL= 1.01E-01
@@@@@@@@@@@@@@@@@@@@@@@@@@@@@@@@@@@@@@@@@@@@@@@@@@@@@@@@@@@@@@@@@@@@@@@@@@@@@@@

@@@@@@@@@@@@@@@@@@@@@@@@@@@@@@@@@@@@@@@@@@@@@@@@@@@@@@@@@@@@@@@@@@@@@@@@@@@@@@@
Time-Step 8, Time = 0.00700, Stepsize: DT3 = 0.00100
@@@@@@@@@@@@@@@@@@@@@@@@@@@@@@@@@@@@@@@@@@@@@@@@@@@@@@@@@@@@@@@@@@@@@@@@@@@@@@@
-------------------------------------------------------------------------------
 IT  RELU     RELP     DEF-U    DEF-DIV  DEF-TOT  RHONL    OMEGNL   RHOMG
-------------------------------------------------------------------------------
  0                    1.72E-01 1.21E-03 1.72E-01
-------------------------------------------------------------------------------
  1  1.90E-01 3.00E-02 2.77E-03 1.29E-07 2.77E-03 1.61E-02 1.00E+00 4.96E-02
  2  4.94E-03 9.77E-03 3.18E-05 1.05E-08 3.18E-05 1.07E-01 1.00E+00 3.09E-01
  3  6.47E-05 7.56E-05 4.73E-07 1.18E-10 4.73E-07 2.46E-01 1.00E+00 2.89E-01
  4  5.76E-07 9.47E-07 1.02E-08 8.53E-13 1.02E-08 3.83E-01 1.00E+00 3.27E-01
@@@@@@@@@@@@@@@@@@@@@@@@@@@@@@@@@@@@@@@@@@@@@@@@@@@@@@@@@@@@@@@@@@@@@@@@@@@@@@@
Time-Step 8 (Repetition = 0, Substep = 1 of 1) at time = 0.00800 finished.
-------------------------------------------------------------------------------
Starting postprocessing of the time step...
----------------


Divergence
----------
Divergence =    6.842926E-04

Writing GMV file: gmv/u.gmv.00008
