
Calculating cc2d-Problem
-------------------------------------------------------------------------------
Parameters:

SIMPORTDATAFILES(8)=
"./data/discretisation.dat"
"./data/linsol_cc2d.dat"
"./data/nonlinsol_cc2d.dat"
"./data/output.dat"
"./data/paramtriang.dat"
"./data/bdconditions.dat"
"./data/timediscr.dat"
"./data/postprocessing.dat"

[CC-DISCRETISATION]
CTYPEINITIALSOLUTION=0
ISOLUTIONSTART=0
SSOLUTIONSTART='ns/DX4'
ISOLUTIONWRITE=0
SSOLUTIONWRITE='ns/DX4'
NLMIN=1
NLMAX=5
IEQUATION=0
ISUBEQUATION=1
RE=1000
PX=0.5
PY=4.5
PRAD=0.1
RHO2=1.25
IRHS=2
IBOUNDARY=2
IELEMENTTYPE=3
IUPWIND=0
DUPSAM=1.0
IELEMENTTYPESTABIL=-1
IMASS=1
IMASSLUMPTYPE=0
ISTRONGDERIVATIVEBMATRIX=0
SCUBMASS=G4X4
SCUBSTOKES=G4X4
SCUBB=G4X4
SCUBF=G4X4
IADAPTIVEMATRIX=0
DADMATTHRESHOLD=20.0

[CC-PROLREST]
IINTERPOLATIONORDERVEL=-1
IINTERPOLATIONORDERPRESS=-1
IINTERPOLATIONVARIANTVEL=0
IINTARINDICATOREX3YVEL=1
DINTARBOUNDEX3YVEL=20.0

[CC-LINEARSOLVER]
ISOLVERTYPE=1
SSOLVERSECTION='CC-MULTIGRIDSOLVER'
ISMOOTHERTYPE=3
SSMOOTHERSECTION='CC-SMOOTHER'
ICOARSEGRIDSOLVERTYPE=1
SCOARSEGRIDSOLVERSECTION='CC-COARSEGRIDSOLVER'

[CC-MULTIGRIDSOLVER]
NMINITERATIONS=2
NMAXITERATIONS=10
DEPSREL=1E-2
DEPSABS=1E-5
ISTOPPINGCRITERION=0
DOMEGA=1.0
IOUTPUTLEVEL=-1
IRESNORM=0
ICYCLE=0
CCORRECTIONTYPEALPHA=0
DALPHAMIN=-10.0
DALPHAMAX=10.0

[CC-SMOOTHER]
NSMOOTHINGSTEPS=4
DOMEGA=1.0
IOUTPUTLEVEL=0

[CC-COARSEGRIDSOLVER]
NMINITERATIONS=1
NMAXITERATIONS=1000
DEPSREL=1E-2
DEPSABS=1E-2
ISTOPPINGCRITERION=0
IOUTPUTLEVEL=-1
DOMEGA=1.0
SPRECONDITIONERSECTION='CC-COARSEGRID-PRECONDITIONER'

[CC-COARSEGRID-PRECONDITIONER]
DOMEGA=1.0

[CC2D-NONLINEAR]
NMINITERATIONS=1
NMAXITERATIONS=10
DEPSD=1.0E-5
DEPSDIV=1.0E-5
DEPSUR=1.0E-5
DEPSPR=1.0E-5
DDAMPINGD=1.0E-1
IOUTPUTLEVEL=2
ITYPEPRECONDITIONING=3
SLINEARSOLVER='CC-LINEARSOLVER'
SPRECONDITIONERADAPTIVENEWTON='CC-ADAPTIVENEWTONITERATION'
DOMEGAMIN=1.0
DOMEGAMAX=1.0
DOMEGAINI=1.0

[CC-ADAPTIVENEWTONITERATION]
NMINFIXPOINTITERATIONS=0
NMAXFIXPOINTITERATIONS=5
DEPSABSNEWTON=1.0E99
DEPSRELNEWTON=1.0E-2
CINEXACTNEWTON=1
DINEXACTNEWTONEPSREL=1.0E-2
DINEXACTNEWTONEXPONENT=2.0

[GENERALOUTPUT]
MSHOW_INITIALISATION=2
MT_OUTPUTLEVEL=2
SMSGLOG='log/output.log'
SERRORLOG=''

[PARAMTRIANG]
SPARAMETRISATION='./pre/chan2.prm'
SMESH='./pre/chan2.tri'

[BDEXPRESSIONS]
BDEXPRESSIONS(9)=
'AnalyticBC'    -2    ''
'Umax'           0    0.3
'Dirichlet0'     0    0.0
'Dirichlet1'     0    1.0
'ParProfile'     2    0.3
'ParProfExpr'   -1    '4.0*0.3*L*(1.0-L)'
'CircExprX'     -1    '-0.25*sin(2*_PI*L)'
'CircExprY'     -1    '0.25*cos(2*_PI*L)'
'ExprY'         -1    'V'

[BDCONDITIONS]
INEUMANNBOUNDARY=-1
BDCOMPONENT1(4)=
1.0  3  1  'Dirichlet0'  'Dirichlet0'
2.0  0  0
3.0  3  1  'Dirichlet0'  'Dirichlet0'   	
4.0  0  0
BDCOMPONENT2(1)=
4.0  3  1  'Dirichlet0'  'Dirichlet0'

[TIME-DISCRETISATION]
ITIMEDEPENDENCE=1
NITERATIONS=10000
DTIMEINIT=0.0
DTIMEMAX=6.0
DTIMESTEP=0.1
DMINTIMEDERIVATIVE=0.0000
ITIMESTEPSCHEME=0
DTIMESTEPTHETA=0.5
CADAPTIVETIMESTEPPING=0
IREPETITIONS=3
DTIMESTEPMIN=0.000001
DTIMESTEPMAX=1.000000001
DTIMESTEPFACTOR=9.000000001
DEPSADAPTIVERELTIMESTEP=0.5
CADTIMESTEPINIT=2
DADTIMESTEPINITDURATION=0.5
CADTIMESTEPERRORCONTROL=1
DADTIMESTEPEPSDURINGINIT=1.25E-1
DADTIMESTEPEPSAFTERINIT=1.25E-3

[CC-POSTPROCESSING]
IOUTPUTUCD=1
ILEVELUCD=-1
SFILENAMEUCD='gmv/u.gmv'
DMINTIMEUCD=-1.0E100
DMAXTIMEUCD=1.0E100
DTIMEDIFFERENCEUCD=0.0
ISTARTSUFFIXUCD=0
IOUTPUTFILM=1
ILEVELFILM=0
SFILENAMEFILM='ns/solution'
DMINTIMEFILM=-1.0E100
DMAXTIMEFILM=1.0E100
DTIMEDIFFERENCEFILM=0.0
ISTARTSUFFIXFILM=0
IERRORANALYSISL2=1
IERRORANALYSISH1=0
ICALCKINETICENERGY=1
-------------------------------------------------------------------------------
Initialising parametrisation / triangulation...

Time for mesh generation: 0.0400000000

Mesh statistics:

Lv. dim.        NVT        NMT        NEL    NBCT  NblindBCT    NVBD     #trias     #quads
------------------------------------------------------------------------------------------
  1   2        163        298        136       1          0      52          0        136
  2   2        597       1140        544       1          0     104          0        544
  3   2       2281       4456       2176       1          0     208          0       2176
  4   2       8913      17616       8704       1          0     416          0       8704
  5   2      35233      70048      34816       1          0     832          0      34816
-------------------------------------------------------------------------------
Initialising discretisation...

Discretisation statistics:

Level 1
Dimension:                    2
Complexity:                   uniform
#DOFs:                        732
Number of components:         3

Level 2
Dimension:                    2
Complexity:                   uniform
#DOFs:                        2824
Number of components:         3

Level 3
Dimension:                    2
Complexity:                   uniform
#DOFs:                        11088
Number of components:         3

Level 4
Dimension:                    2
Complexity:                   uniform
#DOFs:                        43936
Number of components:         3

Level 5
Dimension:                    2
Complexity:                   uniform
#DOFs:                        174912
Number of components:         3
-------------------------------------------------------------------------------
Initialising postprocessing...
-------------------------------------------------------------------------------
Initialising matrices/vectors...

Time for matrix initialisation: 0.0400000000
-------------------------------------------------------------------------------
Generating basic matrices...
-------------------------------------------------------------------------------
Initialising initial solution vector...
-------------------------------------------------------------------------------
Generating RHS vector...
-------------------------------------------------------------------------------
Generating discrete boundary conditions of first time step...
-------------------------------------------------------------------------------
Invoking nonstationary solver...
-------------------------------------------------------------------------------
Starting postprocessing of initial solution...

===============================================================================
Q1 Vector recalculated
===============================================================================

Drag forces
-----------

Divergence
----------
Divergence =    6.227356E-05

Error Analysis
--------------
||u-reference||_L2 =    2.444162E-02
||p-reference||_L2 =    0.000000E+00
||u||^2_L2         =    5.973926E-04

Writing GMV file: gmv/u.gmv.00000

Writing Film file: ns/solution.00000

@@@@@@@@@@@@@@@@@@@@@@@@@@@@@@@@@@@@@@@@@@@@@@@@@@@@@@@@@@@@@@@@@@@@@@@@@@@@@@@
Time-Step 1, Time = 0.00000, Stepsize: DT3 = 0.10000
@@@@@@@@@@@@@@@@@@@@@@@@@@@@@@@@@@@@@@@@@@@@@@@@@@@@@@@@@@@@@@@@@@@@@@@@@@@@@@@
-------------------------------------------------------------------------------
 IT  RELU     RELP     DEF-U    DEF-DIV  DEF-TOT  RHONL    OMEGNL   RHOMG
-------------------------------------------------------------------------------
  0                    7.63E-05 9.65E-04 9.68E-04
-------------------------------------------------------------------------------
  1  1.00E+00 1.00E+00 1.16E-05 3.84E-07 1.16E-05 1.20E-02 1.00E+00 8.59E-02
  2  1.87E-01 2.75E-01 1.84E-06 4.07E-09 1.84E-06 3.98E-01 1.00E+00 1.54E-01
  3  4.03E-02 1.86E-02 2.00E-07 1.02E-10 2.00E-07 4.77E-01 1.00E+00 9.73E-02
  4  2.09E-03 1.03E-03 2.38E-08 4.00E-13 2.38E-08 5.88E-01 1.00E+00 7.98E-02
  5  7.74E-04 2.68E-04 8.57E-10 1.86E-14 8.57E-10 5.14E-01 1.00E+00 6.61E-02
  6  1.00E-05 7.48E-06 6.65E-11 2.07E-16 6.65E-11 6.53E-01 1.00E+00 2.29E-01
  7  8.70E-07 8.24E-07 6.00E-12 2.07E-16 6.00E-12 7.09E-01 1.00E+00 2.95E-01
@@@@@@@@@@@@@@@@@@@@@@@@@@@@@@@@@@@@@@@@@@@@@@@@@@@@@@@@@@@@@@@@@@@@@@@@@@@@@@@
Time-Step 1 (Repetition = 0, Substep = 1 of 1) at time = 0.10000 finished.
-------------------------------------------------------------------------------
Starting postprocessing of the time step...

===============================================================================
Q1 Vector recalculated
===============================================================================

Drag forces
-----------

Divergence
----------
Divergence =    2.126452E-17

Error Analysis
--------------
||u-reference||_L2 =    3.929330E-02
||p-reference||_L2 =    2.483603E-01
||u||^2_L2         =    1.543964E-03

Writing GMV file: gmv/u.gmv.00001

Writing Film file: ns/solution.00001
-------------------------------------------------------------------------------
Analysing time derivative...
Time derivative:   RELU(L2)= 1.07E-03  RELP(L2)= 4.18E-03  REL= 1.07E-03
@@@@@@@@@@@@@@@@@@@@@@@@@@@@@@@@@@@@@@@@@@@@@@@@@@@@@@@@@@@@@@@@@@@@@@@@@@@@@@@

@@@@@@@@@@@@@@@@@@@@@@@@@@@@@@@@@@@@@@@@@@@@@@@@@@@@@@@@@@@@@@@@@@@@@@@@@@@@@@@
Time-Step 2, Time = 0.10000, Stepsize: DT3 = 0.10000
@@@@@@@@@@@@@@@@@@@@@@@@@@@@@@@@@@@@@@@@@@@@@@@@@@@@@@@@@@@@@@@@@@@@@@@@@@@@@@@
-------------------------------------------------------------------------------
 IT  RELU     RELP     DEF-U    DEF-DIV  DEF-TOT  RHONL    OMEGNL   RHOMG
-------------------------------------------------------------------------------
  0                    7.02E-05 2.35E-04 2.46E-04
-------------------------------------------------------------------------------
  1  1.91E+00 9.85E-01 7.82E-06 3.79E-08 7.82E-06 3.18E-02 1.00E+00 1.13E-01
  2  1.89E-01 9.88E-02 8.59E-07 6.79E-10 8.59E-07 3.32E-01 1.00E+00 1.10E-01
  3  1.48E-02 9.12E-03 1.71E-07 6.13E-11 1.71E-07 5.84E-01 1.00E+00 1.05E-01
  4  4.58E-03 1.15E-03 1.87E-08 5.19E-12 1.87E-08 5.75E-01 1.00E+00 8.50E-02
  5  7.25E-04 2.46E-04 1.66E-09 3.16E-14 1.66E-09 6.16E-01 1.00E+00 7.81E-02
  6  8.00E-05 7.79E-06 2.34E-10 3.02E-16 2.34E-10 7.21E-01 1.00E+00 8.24E-02
  7  1.07E-05 1.87E-06 2.77E-11 2.01E-16 2.77E-11 7.37E-01 1.00E+00 2.61E-01
  8  1.45E-06 1.34E-07 3.50E-12 2.01E-16 3.50E-12 7.72E-01 1.00E+00 3.23E-01
@@@@@@@@@@@@@@@@@@@@@@@@@@@@@@@@@@@@@@@@@@@@@@@@@@@@@@@@@@@@@@@@@@@@@@@@@@@@@@@
Time-Step 2 (Repetition = 0, Substep = 1 of 1) at time = 0.20000 finished.
-------------------------------------------------------------------------------
Starting postprocessing of the time step...

===============================================================================
Q1 Vector recalculated
===============================================================================

Drag forces
-----------

Divergence
----------
Divergence =    2.114100E-17

Error Analysis
--------------
||u-reference||_L2 =    4.037612E-02
||p-reference||_L2 =    1.480851E-01
||u||^2_L2         =    1.630231E-03

Writing GMV file: gmv/u.gmv.00002

Writing Film file: ns/solution.00002
-------------------------------------------------------------------------------
Analysing time derivative...
Time derivative:   RELU(L2)= 6.83E-04  RELP(L2)= 3.25E-03  REL= 6.83E-04
@@@@@@@@@@@@@@@@@@@@@@@@@@@@@@@@@@@@@@@@@@@@@@@@@@@@@@@@@@@@@@@@@@@@@@@@@@@@@@@

@@@@@@@@@@@@@@@@@@@@@@@@@@@@@@@@@@@@@@@@@@@@@@@@@@@@@@@@@@@@@@@@@@@@@@@@@@@@@@@
Time-Step 3, Time = 0.20000, Stepsize: DT3 = 0.10000
@@@@@@@@@@@@@@@@@@@@@@@@@@@@@@@@@@@@@@@@@@@@@@@@@@@@@@@@@@@@@@@@@@@@@@@@@@@@@@@
-------------------------------------------------------------------------------
 IT  RELU     RELP     DEF-U    DEF-DIV  DEF-TOT  RHONL    OMEGNL   RHOMG
-------------------------------------------------------------------------------
  0                    8.46E-05 2.13E-04 2.29E-04
-------------------------------------------------------------------------------
